[2024-06-12T11:40:01.712+0000] {processor.py:161} INFO - Started process (PID=102) to work on /home/airflow/.local/lib/python3.10/site-packages/airflow/example_dags/plugins/event_listener.py
[2024-06-12T11:40:01.714+0000] {processor.py:830} INFO - Processing file /home/airflow/.local/lib/python3.10/site-packages/airflow/example_dags/plugins/event_listener.py for tasks to queue
[2024-06-12T11:40:01.715+0000] {logging_mixin.py:188} INFO - [2024-06-12T11:40:01.715+0000] {dagbag.py:545} INFO - Filling up the DagBag from /home/airflow/.local/lib/python3.10/site-packages/airflow/example_dags/plugins/event_listener.py
[2024-06-12T11:40:01.717+0000] {processor.py:842} WARNING - No viable dags retrieved from /home/airflow/.local/lib/python3.10/site-packages/airflow/example_dags/plugins/event_listener.py
[2024-06-12T11:40:01.726+0000] {processor.py:183} INFO - Processing /home/airflow/.local/lib/python3.10/site-packages/airflow/example_dags/plugins/event_listener.py took 0.017 seconds
[2024-06-12T11:40:31.927+0000] {processor.py:161} INFO - Started process (PID=160) to work on /home/airflow/.local/lib/python3.10/site-packages/airflow/example_dags/plugins/event_listener.py
[2024-06-12T11:40:31.928+0000] {processor.py:830} INFO - Processing file /home/airflow/.local/lib/python3.10/site-packages/airflow/example_dags/plugins/event_listener.py for tasks to queue
[2024-06-12T11:40:31.929+0000] {logging_mixin.py:188} INFO - [2024-06-12T11:40:31.929+0000] {dagbag.py:545} INFO - Filling up the DagBag from /home/airflow/.local/lib/python3.10/site-packages/airflow/example_dags/plugins/event_listener.py
[2024-06-12T11:40:31.931+0000] {processor.py:842} WARNING - No viable dags retrieved from /home/airflow/.local/lib/python3.10/site-packages/airflow/example_dags/plugins/event_listener.py
[2024-06-12T11:40:31.939+0000] {processor.py:183} INFO - Processing /home/airflow/.local/lib/python3.10/site-packages/airflow/example_dags/plugins/event_listener.py took 0.016 seconds
[2024-06-12T11:41:02.265+0000] {processor.py:161} INFO - Started process (PID=218) to work on /home/airflow/.local/lib/python3.10/site-packages/airflow/example_dags/plugins/event_listener.py
[2024-06-12T11:41:02.266+0000] {processor.py:830} INFO - Processing file /home/airflow/.local/lib/python3.10/site-packages/airflow/example_dags/plugins/event_listener.py for tasks to queue
[2024-06-12T11:41:02.268+0000] {logging_mixin.py:188} INFO - [2024-06-12T11:41:02.267+0000] {dagbag.py:545} INFO - Filling up the DagBag from /home/airflow/.local/lib/python3.10/site-packages/airflow/example_dags/plugins/event_listener.py
[2024-06-12T11:41:02.269+0000] {processor.py:842} WARNING - No viable dags retrieved from /home/airflow/.local/lib/python3.10/site-packages/airflow/example_dags/plugins/event_listener.py
[2024-06-12T11:41:02.278+0000] {processor.py:183} INFO - Processing /home/airflow/.local/lib/python3.10/site-packages/airflow/example_dags/plugins/event_listener.py took 0.017 seconds
[2024-06-12T11:41:32.658+0000] {processor.py:161} INFO - Started process (PID=275) to work on /home/airflow/.local/lib/python3.10/site-packages/airflow/example_dags/plugins/event_listener.py
[2024-06-12T11:41:32.659+0000] {processor.py:830} INFO - Processing file /home/airflow/.local/lib/python3.10/site-packages/airflow/example_dags/plugins/event_listener.py for tasks to queue
[2024-06-12T11:41:32.661+0000] {logging_mixin.py:188} INFO - [2024-06-12T11:41:32.661+0000] {dagbag.py:545} INFO - Filling up the DagBag from /home/airflow/.local/lib/python3.10/site-packages/airflow/example_dags/plugins/event_listener.py
[2024-06-12T11:41:32.662+0000] {processor.py:842} WARNING - No viable dags retrieved from /home/airflow/.local/lib/python3.10/site-packages/airflow/example_dags/plugins/event_listener.py
[2024-06-12T11:41:32.670+0000] {processor.py:183} INFO - Processing /home/airflow/.local/lib/python3.10/site-packages/airflow/example_dags/plugins/event_listener.py took 0.016 seconds
[2024-06-12T11:42:03.420+0000] {processor.py:161} INFO - Started process (PID=332) to work on /home/airflow/.local/lib/python3.10/site-packages/airflow/example_dags/plugins/event_listener.py
[2024-06-12T11:42:03.420+0000] {processor.py:830} INFO - Processing file /home/airflow/.local/lib/python3.10/site-packages/airflow/example_dags/plugins/event_listener.py for tasks to queue
[2024-06-12T11:42:03.422+0000] {logging_mixin.py:188} INFO - [2024-06-12T11:42:03.422+0000] {dagbag.py:545} INFO - Filling up the DagBag from /home/airflow/.local/lib/python3.10/site-packages/airflow/example_dags/plugins/event_listener.py
[2024-06-12T11:42:03.423+0000] {processor.py:842} WARNING - No viable dags retrieved from /home/airflow/.local/lib/python3.10/site-packages/airflow/example_dags/plugins/event_listener.py
[2024-06-12T11:42:03.431+0000] {processor.py:183} INFO - Processing /home/airflow/.local/lib/python3.10/site-packages/airflow/example_dags/plugins/event_listener.py took 0.015 seconds
[2024-06-12T11:42:33.954+0000] {processor.py:161} INFO - Started process (PID=391) to work on /home/airflow/.local/lib/python3.10/site-packages/airflow/example_dags/plugins/event_listener.py
[2024-06-12T11:42:33.955+0000] {processor.py:830} INFO - Processing file /home/airflow/.local/lib/python3.10/site-packages/airflow/example_dags/plugins/event_listener.py for tasks to queue
[2024-06-12T11:42:33.956+0000] {logging_mixin.py:188} INFO - [2024-06-12T11:42:33.956+0000] {dagbag.py:545} INFO - Filling up the DagBag from /home/airflow/.local/lib/python3.10/site-packages/airflow/example_dags/plugins/event_listener.py
[2024-06-12T11:42:33.958+0000] {processor.py:842} WARNING - No viable dags retrieved from /home/airflow/.local/lib/python3.10/site-packages/airflow/example_dags/plugins/event_listener.py
[2024-06-12T11:42:33.968+0000] {processor.py:183} INFO - Processing /home/airflow/.local/lib/python3.10/site-packages/airflow/example_dags/plugins/event_listener.py took 0.018 seconds
[2024-06-12T11:43:04.325+0000] {processor.py:161} INFO - Started process (PID=449) to work on /home/airflow/.local/lib/python3.10/site-packages/airflow/example_dags/plugins/event_listener.py
[2024-06-12T11:43:04.326+0000] {processor.py:830} INFO - Processing file /home/airflow/.local/lib/python3.10/site-packages/airflow/example_dags/plugins/event_listener.py for tasks to queue
[2024-06-12T11:43:04.327+0000] {logging_mixin.py:188} INFO - [2024-06-12T11:43:04.327+0000] {dagbag.py:545} INFO - Filling up the DagBag from /home/airflow/.local/lib/python3.10/site-packages/airflow/example_dags/plugins/event_listener.py
[2024-06-12T11:43:04.329+0000] {processor.py:842} WARNING - No viable dags retrieved from /home/airflow/.local/lib/python3.10/site-packages/airflow/example_dags/plugins/event_listener.py
[2024-06-12T11:43:04.338+0000] {processor.py:183} INFO - Processing /home/airflow/.local/lib/python3.10/site-packages/airflow/example_dags/plugins/event_listener.py took 0.017 seconds
[2024-06-12T11:43:34.742+0000] {processor.py:161} INFO - Started process (PID=506) to work on /home/airflow/.local/lib/python3.10/site-packages/airflow/example_dags/plugins/event_listener.py
[2024-06-12T11:43:34.743+0000] {processor.py:830} INFO - Processing file /home/airflow/.local/lib/python3.10/site-packages/airflow/example_dags/plugins/event_listener.py for tasks to queue
[2024-06-12T11:43:34.744+0000] {logging_mixin.py:188} INFO - [2024-06-12T11:43:34.744+0000] {dagbag.py:545} INFO - Filling up the DagBag from /home/airflow/.local/lib/python3.10/site-packages/airflow/example_dags/plugins/event_listener.py
[2024-06-12T11:43:34.746+0000] {processor.py:842} WARNING - No viable dags retrieved from /home/airflow/.local/lib/python3.10/site-packages/airflow/example_dags/plugins/event_listener.py
[2024-06-12T11:43:34.754+0000] {processor.py:183} INFO - Processing /home/airflow/.local/lib/python3.10/site-packages/airflow/example_dags/plugins/event_listener.py took 0.016 seconds
[2024-06-12T11:44:05.123+0000] {processor.py:161} INFO - Started process (PID=564) to work on /home/airflow/.local/lib/python3.10/site-packages/airflow/example_dags/plugins/event_listener.py
[2024-06-12T11:44:05.124+0000] {processor.py:830} INFO - Processing file /home/airflow/.local/lib/python3.10/site-packages/airflow/example_dags/plugins/event_listener.py for tasks to queue
[2024-06-12T11:44:05.125+0000] {logging_mixin.py:188} INFO - [2024-06-12T11:44:05.125+0000] {dagbag.py:545} INFO - Filling up the DagBag from /home/airflow/.local/lib/python3.10/site-packages/airflow/example_dags/plugins/event_listener.py
[2024-06-12T11:44:05.126+0000] {processor.py:842} WARNING - No viable dags retrieved from /home/airflow/.local/lib/python3.10/site-packages/airflow/example_dags/plugins/event_listener.py
[2024-06-12T11:44:05.134+0000] {processor.py:183} INFO - Processing /home/airflow/.local/lib/python3.10/site-packages/airflow/example_dags/plugins/event_listener.py took 0.015 seconds
[2024-06-12T11:44:35.533+0000] {processor.py:161} INFO - Started process (PID=622) to work on /home/airflow/.local/lib/python3.10/site-packages/airflow/example_dags/plugins/event_listener.py
[2024-06-12T11:44:35.534+0000] {processor.py:830} INFO - Processing file /home/airflow/.local/lib/python3.10/site-packages/airflow/example_dags/plugins/event_listener.py for tasks to queue
[2024-06-12T11:44:35.536+0000] {logging_mixin.py:188} INFO - [2024-06-12T11:44:35.536+0000] {dagbag.py:545} INFO - Filling up the DagBag from /home/airflow/.local/lib/python3.10/site-packages/airflow/example_dags/plugins/event_listener.py
[2024-06-12T11:44:35.537+0000] {processor.py:842} WARNING - No viable dags retrieved from /home/airflow/.local/lib/python3.10/site-packages/airflow/example_dags/plugins/event_listener.py
[2024-06-12T11:44:35.545+0000] {processor.py:183} INFO - Processing /home/airflow/.local/lib/python3.10/site-packages/airflow/example_dags/plugins/event_listener.py took 0.016 seconds
[2024-06-12T11:45:06.197+0000] {processor.py:161} INFO - Started process (PID=680) to work on /home/airflow/.local/lib/python3.10/site-packages/airflow/example_dags/plugins/event_listener.py
[2024-06-12T11:45:06.198+0000] {processor.py:830} INFO - Processing file /home/airflow/.local/lib/python3.10/site-packages/airflow/example_dags/plugins/event_listener.py for tasks to queue
[2024-06-12T11:45:06.200+0000] {logging_mixin.py:188} INFO - [2024-06-12T11:45:06.199+0000] {dagbag.py:545} INFO - Filling up the DagBag from /home/airflow/.local/lib/python3.10/site-packages/airflow/example_dags/plugins/event_listener.py
[2024-06-12T11:45:06.201+0000] {processor.py:842} WARNING - No viable dags retrieved from /home/airflow/.local/lib/python3.10/site-packages/airflow/example_dags/plugins/event_listener.py
[2024-06-12T11:45:06.209+0000] {processor.py:183} INFO - Processing /home/airflow/.local/lib/python3.10/site-packages/airflow/example_dags/plugins/event_listener.py took 0.016 seconds
[2024-06-12T11:45:36.489+0000] {processor.py:161} INFO - Started process (PID=738) to work on /home/airflow/.local/lib/python3.10/site-packages/airflow/example_dags/plugins/event_listener.py
[2024-06-12T11:45:36.489+0000] {processor.py:830} INFO - Processing file /home/airflow/.local/lib/python3.10/site-packages/airflow/example_dags/plugins/event_listener.py for tasks to queue
[2024-06-12T11:45:36.491+0000] {logging_mixin.py:188} INFO - [2024-06-12T11:45:36.490+0000] {dagbag.py:545} INFO - Filling up the DagBag from /home/airflow/.local/lib/python3.10/site-packages/airflow/example_dags/plugins/event_listener.py
[2024-06-12T11:45:36.492+0000] {processor.py:842} WARNING - No viable dags retrieved from /home/airflow/.local/lib/python3.10/site-packages/airflow/example_dags/plugins/event_listener.py
[2024-06-12T11:45:36.500+0000] {processor.py:183} INFO - Processing /home/airflow/.local/lib/python3.10/site-packages/airflow/example_dags/plugins/event_listener.py took 0.015 seconds
[2024-06-12T11:46:06.759+0000] {processor.py:161} INFO - Started process (PID=796) to work on /home/airflow/.local/lib/python3.10/site-packages/airflow/example_dags/plugins/event_listener.py
[2024-06-12T11:46:06.760+0000] {processor.py:830} INFO - Processing file /home/airflow/.local/lib/python3.10/site-packages/airflow/example_dags/plugins/event_listener.py for tasks to queue
[2024-06-12T11:46:06.761+0000] {logging_mixin.py:188} INFO - [2024-06-12T11:46:06.761+0000] {dagbag.py:545} INFO - Filling up the DagBag from /home/airflow/.local/lib/python3.10/site-packages/airflow/example_dags/plugins/event_listener.py
[2024-06-12T11:46:06.763+0000] {processor.py:842} WARNING - No viable dags retrieved from /home/airflow/.local/lib/python3.10/site-packages/airflow/example_dags/plugins/event_listener.py
[2024-06-12T11:46:06.773+0000] {processor.py:183} INFO - Processing /home/airflow/.local/lib/python3.10/site-packages/airflow/example_dags/plugins/event_listener.py took 0.018 seconds
[2024-06-12T11:46:37.281+0000] {processor.py:161} INFO - Started process (PID=854) to work on /home/airflow/.local/lib/python3.10/site-packages/airflow/example_dags/plugins/event_listener.py
[2024-06-12T11:46:37.281+0000] {processor.py:830} INFO - Processing file /home/airflow/.local/lib/python3.10/site-packages/airflow/example_dags/plugins/event_listener.py for tasks to queue
[2024-06-12T11:46:37.283+0000] {logging_mixin.py:188} INFO - [2024-06-12T11:46:37.282+0000] {dagbag.py:545} INFO - Filling up the DagBag from /home/airflow/.local/lib/python3.10/site-packages/airflow/example_dags/plugins/event_listener.py
[2024-06-12T11:46:37.284+0000] {processor.py:842} WARNING - No viable dags retrieved from /home/airflow/.local/lib/python3.10/site-packages/airflow/example_dags/plugins/event_listener.py
[2024-06-12T11:46:37.293+0000] {processor.py:183} INFO - Processing /home/airflow/.local/lib/python3.10/site-packages/airflow/example_dags/plugins/event_listener.py took 0.016 seconds
[2024-06-12T11:47:07.693+0000] {processor.py:161} INFO - Started process (PID=912) to work on /home/airflow/.local/lib/python3.10/site-packages/airflow/example_dags/plugins/event_listener.py
[2024-06-12T11:47:07.694+0000] {processor.py:830} INFO - Processing file /home/airflow/.local/lib/python3.10/site-packages/airflow/example_dags/plugins/event_listener.py for tasks to queue
[2024-06-12T11:47:07.695+0000] {logging_mixin.py:188} INFO - [2024-06-12T11:47:07.695+0000] {dagbag.py:545} INFO - Filling up the DagBag from /home/airflow/.local/lib/python3.10/site-packages/airflow/example_dags/plugins/event_listener.py
[2024-06-12T11:47:07.697+0000] {processor.py:842} WARNING - No viable dags retrieved from /home/airflow/.local/lib/python3.10/site-packages/airflow/example_dags/plugins/event_listener.py
[2024-06-12T11:47:07.707+0000] {processor.py:183} INFO - Processing /home/airflow/.local/lib/python3.10/site-packages/airflow/example_dags/plugins/event_listener.py took 0.018 seconds
[2024-06-12T11:47:38.175+0000] {processor.py:161} INFO - Started process (PID=970) to work on /home/airflow/.local/lib/python3.10/site-packages/airflow/example_dags/plugins/event_listener.py
[2024-06-12T11:47:38.175+0000] {processor.py:830} INFO - Processing file /home/airflow/.local/lib/python3.10/site-packages/airflow/example_dags/plugins/event_listener.py for tasks to queue
[2024-06-12T11:47:38.177+0000] {logging_mixin.py:188} INFO - [2024-06-12T11:47:38.177+0000] {dagbag.py:545} INFO - Filling up the DagBag from /home/airflow/.local/lib/python3.10/site-packages/airflow/example_dags/plugins/event_listener.py
[2024-06-12T11:47:38.179+0000] {processor.py:842} WARNING - No viable dags retrieved from /home/airflow/.local/lib/python3.10/site-packages/airflow/example_dags/plugins/event_listener.py
[2024-06-12T11:47:38.188+0000] {processor.py:183} INFO - Processing /home/airflow/.local/lib/python3.10/site-packages/airflow/example_dags/plugins/event_listener.py took 0.017 seconds
[2024-06-12T11:48:08.417+0000] {processor.py:161} INFO - Started process (PID=1028) to work on /home/airflow/.local/lib/python3.10/site-packages/airflow/example_dags/plugins/event_listener.py
[2024-06-12T11:48:08.418+0000] {processor.py:830} INFO - Processing file /home/airflow/.local/lib/python3.10/site-packages/airflow/example_dags/plugins/event_listener.py for tasks to queue
[2024-06-12T11:48:08.419+0000] {logging_mixin.py:188} INFO - [2024-06-12T11:48:08.419+0000] {dagbag.py:545} INFO - Filling up the DagBag from /home/airflow/.local/lib/python3.10/site-packages/airflow/example_dags/plugins/event_listener.py
[2024-06-12T11:48:08.421+0000] {processor.py:842} WARNING - No viable dags retrieved from /home/airflow/.local/lib/python3.10/site-packages/airflow/example_dags/plugins/event_listener.py
[2024-06-12T11:48:08.428+0000] {processor.py:183} INFO - Processing /home/airflow/.local/lib/python3.10/site-packages/airflow/example_dags/plugins/event_listener.py took 0.015 seconds
[2024-06-12T11:48:38.808+0000] {processor.py:161} INFO - Started process (PID=1086) to work on /home/airflow/.local/lib/python3.10/site-packages/airflow/example_dags/plugins/event_listener.py
[2024-06-12T11:48:38.809+0000] {processor.py:830} INFO - Processing file /home/airflow/.local/lib/python3.10/site-packages/airflow/example_dags/plugins/event_listener.py for tasks to queue
[2024-06-12T11:48:38.810+0000] {logging_mixin.py:188} INFO - [2024-06-12T11:48:38.810+0000] {dagbag.py:545} INFO - Filling up the DagBag from /home/airflow/.local/lib/python3.10/site-packages/airflow/example_dags/plugins/event_listener.py
[2024-06-12T11:48:38.812+0000] {processor.py:842} WARNING - No viable dags retrieved from /home/airflow/.local/lib/python3.10/site-packages/airflow/example_dags/plugins/event_listener.py
[2024-06-12T11:48:38.822+0000] {processor.py:183} INFO - Processing /home/airflow/.local/lib/python3.10/site-packages/airflow/example_dags/plugins/event_listener.py took 0.017 seconds
[2024-06-12T11:49:09.472+0000] {processor.py:161} INFO - Started process (PID=1144) to work on /home/airflow/.local/lib/python3.10/site-packages/airflow/example_dags/plugins/event_listener.py
[2024-06-12T11:49:09.473+0000] {processor.py:830} INFO - Processing file /home/airflow/.local/lib/python3.10/site-packages/airflow/example_dags/plugins/event_listener.py for tasks to queue
[2024-06-12T11:49:09.474+0000] {logging_mixin.py:188} INFO - [2024-06-12T11:49:09.474+0000] {dagbag.py:545} INFO - Filling up the DagBag from /home/airflow/.local/lib/python3.10/site-packages/airflow/example_dags/plugins/event_listener.py
[2024-06-12T11:49:09.476+0000] {processor.py:842} WARNING - No viable dags retrieved from /home/airflow/.local/lib/python3.10/site-packages/airflow/example_dags/plugins/event_listener.py
[2024-06-12T11:49:09.486+0000] {processor.py:183} INFO - Processing /home/airflow/.local/lib/python3.10/site-packages/airflow/example_dags/plugins/event_listener.py took 0.018 seconds
[2024-06-12T11:49:39.760+0000] {processor.py:161} INFO - Started process (PID=1202) to work on /home/airflow/.local/lib/python3.10/site-packages/airflow/example_dags/plugins/event_listener.py
[2024-06-12T11:49:39.760+0000] {processor.py:830} INFO - Processing file /home/airflow/.local/lib/python3.10/site-packages/airflow/example_dags/plugins/event_listener.py for tasks to queue
[2024-06-12T11:49:39.762+0000] {logging_mixin.py:188} INFO - [2024-06-12T11:49:39.761+0000] {dagbag.py:545} INFO - Filling up the DagBag from /home/airflow/.local/lib/python3.10/site-packages/airflow/example_dags/plugins/event_listener.py
[2024-06-12T11:49:39.763+0000] {processor.py:842} WARNING - No viable dags retrieved from /home/airflow/.local/lib/python3.10/site-packages/airflow/example_dags/plugins/event_listener.py
[2024-06-12T11:49:39.772+0000] {processor.py:183} INFO - Processing /home/airflow/.local/lib/python3.10/site-packages/airflow/example_dags/plugins/event_listener.py took 0.016 seconds
[2024-06-12T11:50:10.425+0000] {processor.py:161} INFO - Started process (PID=1260) to work on /home/airflow/.local/lib/python3.10/site-packages/airflow/example_dags/plugins/event_listener.py
[2024-06-12T11:50:10.426+0000] {processor.py:830} INFO - Processing file /home/airflow/.local/lib/python3.10/site-packages/airflow/example_dags/plugins/event_listener.py for tasks to queue
[2024-06-12T11:50:10.428+0000] {logging_mixin.py:188} INFO - [2024-06-12T11:50:10.428+0000] {dagbag.py:545} INFO - Filling up the DagBag from /home/airflow/.local/lib/python3.10/site-packages/airflow/example_dags/plugins/event_listener.py
[2024-06-12T11:50:10.429+0000] {processor.py:842} WARNING - No viable dags retrieved from /home/airflow/.local/lib/python3.10/site-packages/airflow/example_dags/plugins/event_listener.py
[2024-06-12T11:50:10.437+0000] {processor.py:183} INFO - Processing /home/airflow/.local/lib/python3.10/site-packages/airflow/example_dags/plugins/event_listener.py took 0.015 seconds
[2024-06-12T11:50:40.642+0000] {processor.py:161} INFO - Started process (PID=1318) to work on /home/airflow/.local/lib/python3.10/site-packages/airflow/example_dags/plugins/event_listener.py
[2024-06-12T11:50:40.643+0000] {processor.py:830} INFO - Processing file /home/airflow/.local/lib/python3.10/site-packages/airflow/example_dags/plugins/event_listener.py for tasks to queue
[2024-06-12T11:50:40.645+0000] {logging_mixin.py:188} INFO - [2024-06-12T11:50:40.645+0000] {dagbag.py:545} INFO - Filling up the DagBag from /home/airflow/.local/lib/python3.10/site-packages/airflow/example_dags/plugins/event_listener.py
[2024-06-12T11:50:40.646+0000] {processor.py:842} WARNING - No viable dags retrieved from /home/airflow/.local/lib/python3.10/site-packages/airflow/example_dags/plugins/event_listener.py
[2024-06-12T11:50:40.655+0000] {processor.py:183} INFO - Processing /home/airflow/.local/lib/python3.10/site-packages/airflow/example_dags/plugins/event_listener.py took 0.015 seconds
[2024-06-12T11:51:11.589+0000] {processor.py:161} INFO - Started process (PID=1376) to work on /home/airflow/.local/lib/python3.10/site-packages/airflow/example_dags/plugins/event_listener.py
[2024-06-12T11:51:11.591+0000] {processor.py:830} INFO - Processing file /home/airflow/.local/lib/python3.10/site-packages/airflow/example_dags/plugins/event_listener.py for tasks to queue
[2024-06-12T11:51:11.592+0000] {logging_mixin.py:188} INFO - [2024-06-12T11:51:11.592+0000] {dagbag.py:545} INFO - Filling up the DagBag from /home/airflow/.local/lib/python3.10/site-packages/airflow/example_dags/plugins/event_listener.py
[2024-06-12T11:51:11.594+0000] {processor.py:842} WARNING - No viable dags retrieved from /home/airflow/.local/lib/python3.10/site-packages/airflow/example_dags/plugins/event_listener.py
[2024-06-12T11:51:11.602+0000] {processor.py:183} INFO - Processing /home/airflow/.local/lib/python3.10/site-packages/airflow/example_dags/plugins/event_listener.py took 0.017 seconds
[2024-06-12T11:51:42.085+0000] {processor.py:161} INFO - Started process (PID=1433) to work on /home/airflow/.local/lib/python3.10/site-packages/airflow/example_dags/plugins/event_listener.py
[2024-06-12T11:51:42.087+0000] {processor.py:830} INFO - Processing file /home/airflow/.local/lib/python3.10/site-packages/airflow/example_dags/plugins/event_listener.py for tasks to queue
[2024-06-12T11:51:42.089+0000] {logging_mixin.py:188} INFO - [2024-06-12T11:51:42.088+0000] {dagbag.py:545} INFO - Filling up the DagBag from /home/airflow/.local/lib/python3.10/site-packages/airflow/example_dags/plugins/event_listener.py
[2024-06-12T11:51:42.090+0000] {processor.py:842} WARNING - No viable dags retrieved from /home/airflow/.local/lib/python3.10/site-packages/airflow/example_dags/plugins/event_listener.py
[2024-06-12T11:51:42.098+0000] {processor.py:183} INFO - Processing /home/airflow/.local/lib/python3.10/site-packages/airflow/example_dags/plugins/event_listener.py took 0.017 seconds
[2024-06-12T11:52:12.987+0000] {processor.py:161} INFO - Started process (PID=1492) to work on /home/airflow/.local/lib/python3.10/site-packages/airflow/example_dags/plugins/event_listener.py
[2024-06-12T11:52:12.987+0000] {processor.py:830} INFO - Processing file /home/airflow/.local/lib/python3.10/site-packages/airflow/example_dags/plugins/event_listener.py for tasks to queue
[2024-06-12T11:52:12.989+0000] {logging_mixin.py:188} INFO - [2024-06-12T11:52:12.989+0000] {dagbag.py:545} INFO - Filling up the DagBag from /home/airflow/.local/lib/python3.10/site-packages/airflow/example_dags/plugins/event_listener.py
[2024-06-12T11:52:12.990+0000] {processor.py:842} WARNING - No viable dags retrieved from /home/airflow/.local/lib/python3.10/site-packages/airflow/example_dags/plugins/event_listener.py
[2024-06-12T11:52:13.002+0000] {processor.py:183} INFO - Processing /home/airflow/.local/lib/python3.10/site-packages/airflow/example_dags/plugins/event_listener.py took 0.020 seconds
[2024-06-12T11:52:43.802+0000] {processor.py:161} INFO - Started process (PID=1550) to work on /home/airflow/.local/lib/python3.10/site-packages/airflow/example_dags/plugins/event_listener.py
[2024-06-12T11:52:43.804+0000] {processor.py:830} INFO - Processing file /home/airflow/.local/lib/python3.10/site-packages/airflow/example_dags/plugins/event_listener.py for tasks to queue
[2024-06-12T11:52:43.805+0000] {logging_mixin.py:188} INFO - [2024-06-12T11:52:43.805+0000] {dagbag.py:545} INFO - Filling up the DagBag from /home/airflow/.local/lib/python3.10/site-packages/airflow/example_dags/plugins/event_listener.py
[2024-06-12T11:52:43.807+0000] {processor.py:842} WARNING - No viable dags retrieved from /home/airflow/.local/lib/python3.10/site-packages/airflow/example_dags/plugins/event_listener.py
[2024-06-12T11:52:43.815+0000] {processor.py:183} INFO - Processing /home/airflow/.local/lib/python3.10/site-packages/airflow/example_dags/plugins/event_listener.py took 0.017 seconds
[2024-06-12T11:53:14.188+0000] {processor.py:161} INFO - Started process (PID=1608) to work on /home/airflow/.local/lib/python3.10/site-packages/airflow/example_dags/plugins/event_listener.py
[2024-06-12T11:53:14.189+0000] {processor.py:830} INFO - Processing file /home/airflow/.local/lib/python3.10/site-packages/airflow/example_dags/plugins/event_listener.py for tasks to queue
[2024-06-12T11:53:14.190+0000] {logging_mixin.py:188} INFO - [2024-06-12T11:53:14.190+0000] {dagbag.py:545} INFO - Filling up the DagBag from /home/airflow/.local/lib/python3.10/site-packages/airflow/example_dags/plugins/event_listener.py
[2024-06-12T11:53:14.192+0000] {processor.py:842} WARNING - No viable dags retrieved from /home/airflow/.local/lib/python3.10/site-packages/airflow/example_dags/plugins/event_listener.py
[2024-06-12T11:53:14.200+0000] {processor.py:183} INFO - Processing /home/airflow/.local/lib/python3.10/site-packages/airflow/example_dags/plugins/event_listener.py took 0.016 seconds
[2024-06-12T11:53:44.493+0000] {processor.py:161} INFO - Started process (PID=1666) to work on /home/airflow/.local/lib/python3.10/site-packages/airflow/example_dags/plugins/event_listener.py
[2024-06-12T11:53:44.494+0000] {processor.py:830} INFO - Processing file /home/airflow/.local/lib/python3.10/site-packages/airflow/example_dags/plugins/event_listener.py for tasks to queue
[2024-06-12T11:53:44.495+0000] {logging_mixin.py:188} INFO - [2024-06-12T11:53:44.495+0000] {dagbag.py:545} INFO - Filling up the DagBag from /home/airflow/.local/lib/python3.10/site-packages/airflow/example_dags/plugins/event_listener.py
[2024-06-12T11:53:44.497+0000] {processor.py:842} WARNING - No viable dags retrieved from /home/airflow/.local/lib/python3.10/site-packages/airflow/example_dags/plugins/event_listener.py
[2024-06-12T11:53:44.505+0000] {processor.py:183} INFO - Processing /home/airflow/.local/lib/python3.10/site-packages/airflow/example_dags/plugins/event_listener.py took 0.016 seconds
[2024-06-12T11:54:14.831+0000] {processor.py:161} INFO - Started process (PID=1724) to work on /home/airflow/.local/lib/python3.10/site-packages/airflow/example_dags/plugins/event_listener.py
[2024-06-12T11:54:14.832+0000] {processor.py:830} INFO - Processing file /home/airflow/.local/lib/python3.10/site-packages/airflow/example_dags/plugins/event_listener.py for tasks to queue
[2024-06-12T11:54:14.833+0000] {logging_mixin.py:188} INFO - [2024-06-12T11:54:14.833+0000] {dagbag.py:545} INFO - Filling up the DagBag from /home/airflow/.local/lib/python3.10/site-packages/airflow/example_dags/plugins/event_listener.py
[2024-06-12T11:54:14.834+0000] {processor.py:842} WARNING - No viable dags retrieved from /home/airflow/.local/lib/python3.10/site-packages/airflow/example_dags/plugins/event_listener.py
[2024-06-12T11:54:14.842+0000] {processor.py:183} INFO - Processing /home/airflow/.local/lib/python3.10/site-packages/airflow/example_dags/plugins/event_listener.py took 0.015 seconds
[2024-06-12T11:54:44.914+0000] {processor.py:161} INFO - Started process (PID=1782) to work on /home/airflow/.local/lib/python3.10/site-packages/airflow/example_dags/plugins/event_listener.py
[2024-06-12T11:54:44.915+0000] {processor.py:830} INFO - Processing file /home/airflow/.local/lib/python3.10/site-packages/airflow/example_dags/plugins/event_listener.py for tasks to queue
[2024-06-12T11:54:44.916+0000] {logging_mixin.py:188} INFO - [2024-06-12T11:54:44.916+0000] {dagbag.py:545} INFO - Filling up the DagBag from /home/airflow/.local/lib/python3.10/site-packages/airflow/example_dags/plugins/event_listener.py
[2024-06-12T11:54:44.918+0000] {processor.py:842} WARNING - No viable dags retrieved from /home/airflow/.local/lib/python3.10/site-packages/airflow/example_dags/plugins/event_listener.py
[2024-06-12T11:54:44.926+0000] {processor.py:183} INFO - Processing /home/airflow/.local/lib/python3.10/site-packages/airflow/example_dags/plugins/event_listener.py took 0.015 seconds
[2024-06-12T11:55:15.492+0000] {processor.py:161} INFO - Started process (PID=1841) to work on /home/airflow/.local/lib/python3.10/site-packages/airflow/example_dags/plugins/event_listener.py
[2024-06-12T11:55:15.493+0000] {processor.py:830} INFO - Processing file /home/airflow/.local/lib/python3.10/site-packages/airflow/example_dags/plugins/event_listener.py for tasks to queue
[2024-06-12T11:55:15.496+0000] {logging_mixin.py:188} INFO - [2024-06-12T11:55:15.495+0000] {dagbag.py:545} INFO - Filling up the DagBag from /home/airflow/.local/lib/python3.10/site-packages/airflow/example_dags/plugins/event_listener.py
[2024-06-12T11:55:15.498+0000] {processor.py:842} WARNING - No viable dags retrieved from /home/airflow/.local/lib/python3.10/site-packages/airflow/example_dags/plugins/event_listener.py
[2024-06-12T11:55:15.510+0000] {processor.py:183} INFO - Processing /home/airflow/.local/lib/python3.10/site-packages/airflow/example_dags/plugins/event_listener.py took 0.022 seconds
[2024-06-12T11:55:45.688+0000] {processor.py:161} INFO - Started process (PID=1899) to work on /home/airflow/.local/lib/python3.10/site-packages/airflow/example_dags/plugins/event_listener.py
[2024-06-12T11:55:45.689+0000] {processor.py:830} INFO - Processing file /home/airflow/.local/lib/python3.10/site-packages/airflow/example_dags/plugins/event_listener.py for tasks to queue
[2024-06-12T11:55:45.691+0000] {logging_mixin.py:188} INFO - [2024-06-12T11:55:45.690+0000] {dagbag.py:545} INFO - Filling up the DagBag from /home/airflow/.local/lib/python3.10/site-packages/airflow/example_dags/plugins/event_listener.py
[2024-06-12T11:55:45.692+0000] {processor.py:842} WARNING - No viable dags retrieved from /home/airflow/.local/lib/python3.10/site-packages/airflow/example_dags/plugins/event_listener.py
[2024-06-12T11:55:45.700+0000] {processor.py:183} INFO - Processing /home/airflow/.local/lib/python3.10/site-packages/airflow/example_dags/plugins/event_listener.py took 0.015 seconds
[2024-06-12T11:56:16.274+0000] {processor.py:161} INFO - Started process (PID=1959) to work on /home/airflow/.local/lib/python3.10/site-packages/airflow/example_dags/plugins/event_listener.py
[2024-06-12T11:56:16.275+0000] {processor.py:830} INFO - Processing file /home/airflow/.local/lib/python3.10/site-packages/airflow/example_dags/plugins/event_listener.py for tasks to queue
[2024-06-12T11:56:16.276+0000] {logging_mixin.py:188} INFO - [2024-06-12T11:56:16.276+0000] {dagbag.py:545} INFO - Filling up the DagBag from /home/airflow/.local/lib/python3.10/site-packages/airflow/example_dags/plugins/event_listener.py
[2024-06-12T11:56:16.278+0000] {processor.py:842} WARNING - No viable dags retrieved from /home/airflow/.local/lib/python3.10/site-packages/airflow/example_dags/plugins/event_listener.py
[2024-06-12T11:56:16.287+0000] {processor.py:183} INFO - Processing /home/airflow/.local/lib/python3.10/site-packages/airflow/example_dags/plugins/event_listener.py took 0.018 seconds
[2024-06-12T11:56:46.711+0000] {processor.py:161} INFO - Started process (PID=2018) to work on /home/airflow/.local/lib/python3.10/site-packages/airflow/example_dags/plugins/event_listener.py
[2024-06-12T11:56:46.712+0000] {processor.py:830} INFO - Processing file /home/airflow/.local/lib/python3.10/site-packages/airflow/example_dags/plugins/event_listener.py for tasks to queue
[2024-06-12T11:56:46.714+0000] {logging_mixin.py:188} INFO - [2024-06-12T11:56:46.714+0000] {dagbag.py:545} INFO - Filling up the DagBag from /home/airflow/.local/lib/python3.10/site-packages/airflow/example_dags/plugins/event_listener.py
[2024-06-12T11:56:46.715+0000] {processor.py:842} WARNING - No viable dags retrieved from /home/airflow/.local/lib/python3.10/site-packages/airflow/example_dags/plugins/event_listener.py
[2024-06-12T11:56:46.726+0000] {processor.py:183} INFO - Processing /home/airflow/.local/lib/python3.10/site-packages/airflow/example_dags/plugins/event_listener.py took 0.019 seconds
[2024-06-12T11:57:17.208+0000] {processor.py:161} INFO - Started process (PID=2083) to work on /home/airflow/.local/lib/python3.10/site-packages/airflow/example_dags/plugins/event_listener.py
[2024-06-12T11:57:17.209+0000] {processor.py:830} INFO - Processing file /home/airflow/.local/lib/python3.10/site-packages/airflow/example_dags/plugins/event_listener.py for tasks to queue
[2024-06-12T11:57:17.210+0000] {logging_mixin.py:188} INFO - [2024-06-12T11:57:17.210+0000] {dagbag.py:545} INFO - Filling up the DagBag from /home/airflow/.local/lib/python3.10/site-packages/airflow/example_dags/plugins/event_listener.py
[2024-06-12T11:57:17.212+0000] {processor.py:842} WARNING - No viable dags retrieved from /home/airflow/.local/lib/python3.10/site-packages/airflow/example_dags/plugins/event_listener.py
[2024-06-12T11:57:17.219+0000] {processor.py:183} INFO - Processing /home/airflow/.local/lib/python3.10/site-packages/airflow/example_dags/plugins/event_listener.py took 0.015 seconds
[2024-06-12T11:57:47.674+0000] {processor.py:161} INFO - Started process (PID=2142) to work on /home/airflow/.local/lib/python3.10/site-packages/airflow/example_dags/plugins/event_listener.py
[2024-06-12T11:57:47.675+0000] {processor.py:830} INFO - Processing file /home/airflow/.local/lib/python3.10/site-packages/airflow/example_dags/plugins/event_listener.py for tasks to queue
[2024-06-12T11:57:47.676+0000] {logging_mixin.py:188} INFO - [2024-06-12T11:57:47.676+0000] {dagbag.py:545} INFO - Filling up the DagBag from /home/airflow/.local/lib/python3.10/site-packages/airflow/example_dags/plugins/event_listener.py
[2024-06-12T11:57:47.678+0000] {processor.py:842} WARNING - No viable dags retrieved from /home/airflow/.local/lib/python3.10/site-packages/airflow/example_dags/plugins/event_listener.py
[2024-06-12T11:57:47.686+0000] {processor.py:183} INFO - Processing /home/airflow/.local/lib/python3.10/site-packages/airflow/example_dags/plugins/event_listener.py took 0.016 seconds
[2024-06-12T11:58:18.049+0000] {processor.py:161} INFO - Started process (PID=2201) to work on /home/airflow/.local/lib/python3.10/site-packages/airflow/example_dags/plugins/event_listener.py
[2024-06-12T11:58:18.049+0000] {processor.py:830} INFO - Processing file /home/airflow/.local/lib/python3.10/site-packages/airflow/example_dags/plugins/event_listener.py for tasks to queue
[2024-06-12T11:58:18.051+0000] {logging_mixin.py:188} INFO - [2024-06-12T11:58:18.050+0000] {dagbag.py:545} INFO - Filling up the DagBag from /home/airflow/.local/lib/python3.10/site-packages/airflow/example_dags/plugins/event_listener.py
[2024-06-12T11:58:18.052+0000] {processor.py:842} WARNING - No viable dags retrieved from /home/airflow/.local/lib/python3.10/site-packages/airflow/example_dags/plugins/event_listener.py
[2024-06-12T11:58:18.062+0000] {processor.py:183} INFO - Processing /home/airflow/.local/lib/python3.10/site-packages/airflow/example_dags/plugins/event_listener.py took 0.017 seconds
[2024-06-12T11:58:48.554+0000] {processor.py:161} INFO - Started process (PID=2261) to work on /home/airflow/.local/lib/python3.10/site-packages/airflow/example_dags/plugins/event_listener.py
[2024-06-12T11:58:48.555+0000] {processor.py:830} INFO - Processing file /home/airflow/.local/lib/python3.10/site-packages/airflow/example_dags/plugins/event_listener.py for tasks to queue
[2024-06-12T11:58:48.557+0000] {logging_mixin.py:188} INFO - [2024-06-12T11:58:48.557+0000] {dagbag.py:545} INFO - Filling up the DagBag from /home/airflow/.local/lib/python3.10/site-packages/airflow/example_dags/plugins/event_listener.py
[2024-06-12T11:58:48.559+0000] {processor.py:842} WARNING - No viable dags retrieved from /home/airflow/.local/lib/python3.10/site-packages/airflow/example_dags/plugins/event_listener.py
[2024-06-12T11:58:48.567+0000] {processor.py:183} INFO - Processing /home/airflow/.local/lib/python3.10/site-packages/airflow/example_dags/plugins/event_listener.py took 0.016 seconds
[2024-06-12T11:59:18.965+0000] {processor.py:161} INFO - Started process (PID=2320) to work on /home/airflow/.local/lib/python3.10/site-packages/airflow/example_dags/plugins/event_listener.py
[2024-06-12T11:59:18.966+0000] {processor.py:830} INFO - Processing file /home/airflow/.local/lib/python3.10/site-packages/airflow/example_dags/plugins/event_listener.py for tasks to queue
[2024-06-12T11:59:18.967+0000] {logging_mixin.py:188} INFO - [2024-06-12T11:59:18.967+0000] {dagbag.py:545} INFO - Filling up the DagBag from /home/airflow/.local/lib/python3.10/site-packages/airflow/example_dags/plugins/event_listener.py
[2024-06-12T11:59:18.969+0000] {processor.py:842} WARNING - No viable dags retrieved from /home/airflow/.local/lib/python3.10/site-packages/airflow/example_dags/plugins/event_listener.py
[2024-06-12T11:59:18.977+0000] {processor.py:183} INFO - Processing /home/airflow/.local/lib/python3.10/site-packages/airflow/example_dags/plugins/event_listener.py took 0.017 seconds
[2024-06-12T11:59:49.087+0000] {processor.py:161} INFO - Started process (PID=2379) to work on /home/airflow/.local/lib/python3.10/site-packages/airflow/example_dags/plugins/event_listener.py
[2024-06-12T11:59:49.088+0000] {processor.py:830} INFO - Processing file /home/airflow/.local/lib/python3.10/site-packages/airflow/example_dags/plugins/event_listener.py for tasks to queue
[2024-06-12T11:59:49.089+0000] {logging_mixin.py:188} INFO - [2024-06-12T11:59:49.089+0000] {dagbag.py:545} INFO - Filling up the DagBag from /home/airflow/.local/lib/python3.10/site-packages/airflow/example_dags/plugins/event_listener.py
[2024-06-12T11:59:49.091+0000] {processor.py:842} WARNING - No viable dags retrieved from /home/airflow/.local/lib/python3.10/site-packages/airflow/example_dags/plugins/event_listener.py
[2024-06-12T11:59:49.099+0000] {processor.py:183} INFO - Processing /home/airflow/.local/lib/python3.10/site-packages/airflow/example_dags/plugins/event_listener.py took 0.015 seconds
[2024-06-12T12:00:19.669+0000] {processor.py:161} INFO - Started process (PID=2438) to work on /home/airflow/.local/lib/python3.10/site-packages/airflow/example_dags/plugins/event_listener.py
[2024-06-12T12:00:19.670+0000] {processor.py:830} INFO - Processing file /home/airflow/.local/lib/python3.10/site-packages/airflow/example_dags/plugins/event_listener.py for tasks to queue
[2024-06-12T12:00:19.671+0000] {logging_mixin.py:188} INFO - [2024-06-12T12:00:19.671+0000] {dagbag.py:545} INFO - Filling up the DagBag from /home/airflow/.local/lib/python3.10/site-packages/airflow/example_dags/plugins/event_listener.py
[2024-06-12T12:00:19.673+0000] {processor.py:842} WARNING - No viable dags retrieved from /home/airflow/.local/lib/python3.10/site-packages/airflow/example_dags/plugins/event_listener.py
[2024-06-12T12:00:19.681+0000] {processor.py:183} INFO - Processing /home/airflow/.local/lib/python3.10/site-packages/airflow/example_dags/plugins/event_listener.py took 0.016 seconds
[2024-06-12T12:00:50.325+0000] {processor.py:161} INFO - Started process (PID=2497) to work on /home/airflow/.local/lib/python3.10/site-packages/airflow/example_dags/plugins/event_listener.py
[2024-06-12T12:00:50.327+0000] {processor.py:830} INFO - Processing file /home/airflow/.local/lib/python3.10/site-packages/airflow/example_dags/plugins/event_listener.py for tasks to queue
[2024-06-12T12:00:50.328+0000] {logging_mixin.py:188} INFO - [2024-06-12T12:00:50.328+0000] {dagbag.py:545} INFO - Filling up the DagBag from /home/airflow/.local/lib/python3.10/site-packages/airflow/example_dags/plugins/event_listener.py
[2024-06-12T12:00:50.330+0000] {processor.py:842} WARNING - No viable dags retrieved from /home/airflow/.local/lib/python3.10/site-packages/airflow/example_dags/plugins/event_listener.py
[2024-06-12T12:00:50.338+0000] {processor.py:183} INFO - Processing /home/airflow/.local/lib/python3.10/site-packages/airflow/example_dags/plugins/event_listener.py took 0.016 seconds
[2024-06-12T12:01:21.083+0000] {processor.py:161} INFO - Started process (PID=2556) to work on /home/airflow/.local/lib/python3.10/site-packages/airflow/example_dags/plugins/event_listener.py
[2024-06-12T12:01:21.085+0000] {processor.py:830} INFO - Processing file /home/airflow/.local/lib/python3.10/site-packages/airflow/example_dags/plugins/event_listener.py for tasks to queue
[2024-06-12T12:01:21.086+0000] {logging_mixin.py:188} INFO - [2024-06-12T12:01:21.086+0000] {dagbag.py:545} INFO - Filling up the DagBag from /home/airflow/.local/lib/python3.10/site-packages/airflow/example_dags/plugins/event_listener.py
[2024-06-12T12:01:21.088+0000] {processor.py:842} WARNING - No viable dags retrieved from /home/airflow/.local/lib/python3.10/site-packages/airflow/example_dags/plugins/event_listener.py
[2024-06-12T12:01:21.096+0000] {processor.py:183} INFO - Processing /home/airflow/.local/lib/python3.10/site-packages/airflow/example_dags/plugins/event_listener.py took 0.016 seconds
[2024-06-12T12:01:51.719+0000] {processor.py:161} INFO - Started process (PID=2615) to work on /home/airflow/.local/lib/python3.10/site-packages/airflow/example_dags/plugins/event_listener.py
[2024-06-12T12:01:51.720+0000] {processor.py:830} INFO - Processing file /home/airflow/.local/lib/python3.10/site-packages/airflow/example_dags/plugins/event_listener.py for tasks to queue
[2024-06-12T12:01:51.723+0000] {logging_mixin.py:188} INFO - [2024-06-12T12:01:51.723+0000] {dagbag.py:545} INFO - Filling up the DagBag from /home/airflow/.local/lib/python3.10/site-packages/airflow/example_dags/plugins/event_listener.py
[2024-06-12T12:01:51.729+0000] {processor.py:842} WARNING - No viable dags retrieved from /home/airflow/.local/lib/python3.10/site-packages/airflow/example_dags/plugins/event_listener.py
[2024-06-12T12:01:51.741+0000] {processor.py:183} INFO - Processing /home/airflow/.local/lib/python3.10/site-packages/airflow/example_dags/plugins/event_listener.py took 0.026 seconds
[2024-06-12T12:02:22.690+0000] {processor.py:161} INFO - Started process (PID=2674) to work on /home/airflow/.local/lib/python3.10/site-packages/airflow/example_dags/plugins/event_listener.py
[2024-06-12T12:02:22.690+0000] {processor.py:830} INFO - Processing file /home/airflow/.local/lib/python3.10/site-packages/airflow/example_dags/plugins/event_listener.py for tasks to queue
[2024-06-12T12:02:22.691+0000] {logging_mixin.py:188} INFO - [2024-06-12T12:02:22.691+0000] {dagbag.py:545} INFO - Filling up the DagBag from /home/airflow/.local/lib/python3.10/site-packages/airflow/example_dags/plugins/event_listener.py
[2024-06-12T12:02:22.693+0000] {processor.py:842} WARNING - No viable dags retrieved from /home/airflow/.local/lib/python3.10/site-packages/airflow/example_dags/plugins/event_listener.py
[2024-06-12T12:02:22.701+0000] {processor.py:183} INFO - Processing /home/airflow/.local/lib/python3.10/site-packages/airflow/example_dags/plugins/event_listener.py took 0.015 seconds
[2024-06-12T12:02:53.517+0000] {processor.py:161} INFO - Started process (PID=2733) to work on /home/airflow/.local/lib/python3.10/site-packages/airflow/example_dags/plugins/event_listener.py
[2024-06-12T12:02:53.518+0000] {processor.py:830} INFO - Processing file /home/airflow/.local/lib/python3.10/site-packages/airflow/example_dags/plugins/event_listener.py for tasks to queue
[2024-06-12T12:02:53.520+0000] {logging_mixin.py:188} INFO - [2024-06-12T12:02:53.520+0000] {dagbag.py:545} INFO - Filling up the DagBag from /home/airflow/.local/lib/python3.10/site-packages/airflow/example_dags/plugins/event_listener.py
[2024-06-12T12:02:53.522+0000] {processor.py:842} WARNING - No viable dags retrieved from /home/airflow/.local/lib/python3.10/site-packages/airflow/example_dags/plugins/event_listener.py
[2024-06-12T12:02:53.534+0000] {processor.py:183} INFO - Processing /home/airflow/.local/lib/python3.10/site-packages/airflow/example_dags/plugins/event_listener.py took 0.022 seconds
[2024-06-12T12:03:23.982+0000] {processor.py:161} INFO - Started process (PID=2792) to work on /home/airflow/.local/lib/python3.10/site-packages/airflow/example_dags/plugins/event_listener.py
[2024-06-12T12:03:23.983+0000] {processor.py:830} INFO - Processing file /home/airflow/.local/lib/python3.10/site-packages/airflow/example_dags/plugins/event_listener.py for tasks to queue
[2024-06-12T12:03:23.984+0000] {logging_mixin.py:188} INFO - [2024-06-12T12:03:23.984+0000] {dagbag.py:545} INFO - Filling up the DagBag from /home/airflow/.local/lib/python3.10/site-packages/airflow/example_dags/plugins/event_listener.py
[2024-06-12T12:03:23.986+0000] {processor.py:842} WARNING - No viable dags retrieved from /home/airflow/.local/lib/python3.10/site-packages/airflow/example_dags/plugins/event_listener.py
[2024-06-12T12:03:23.995+0000] {processor.py:183} INFO - Processing /home/airflow/.local/lib/python3.10/site-packages/airflow/example_dags/plugins/event_listener.py took 0.016 seconds
[2024-06-12T12:03:54.207+0000] {processor.py:161} INFO - Started process (PID=2851) to work on /home/airflow/.local/lib/python3.10/site-packages/airflow/example_dags/plugins/event_listener.py
[2024-06-12T12:03:54.208+0000] {processor.py:830} INFO - Processing file /home/airflow/.local/lib/python3.10/site-packages/airflow/example_dags/plugins/event_listener.py for tasks to queue
[2024-06-12T12:03:54.211+0000] {logging_mixin.py:188} INFO - [2024-06-12T12:03:54.211+0000] {dagbag.py:545} INFO - Filling up the DagBag from /home/airflow/.local/lib/python3.10/site-packages/airflow/example_dags/plugins/event_listener.py
[2024-06-12T12:03:54.213+0000] {processor.py:842} WARNING - No viable dags retrieved from /home/airflow/.local/lib/python3.10/site-packages/airflow/example_dags/plugins/event_listener.py
[2024-06-12T12:03:54.225+0000] {processor.py:183} INFO - Processing /home/airflow/.local/lib/python3.10/site-packages/airflow/example_dags/plugins/event_listener.py took 0.022 seconds
[2024-06-12T12:04:24.856+0000] {processor.py:161} INFO - Started process (PID=2910) to work on /home/airflow/.local/lib/python3.10/site-packages/airflow/example_dags/plugins/event_listener.py
[2024-06-12T12:04:24.857+0000] {processor.py:830} INFO - Processing file /home/airflow/.local/lib/python3.10/site-packages/airflow/example_dags/plugins/event_listener.py for tasks to queue
[2024-06-12T12:04:24.858+0000] {logging_mixin.py:188} INFO - [2024-06-12T12:04:24.858+0000] {dagbag.py:545} INFO - Filling up the DagBag from /home/airflow/.local/lib/python3.10/site-packages/airflow/example_dags/plugins/event_listener.py
[2024-06-12T12:04:24.859+0000] {processor.py:842} WARNING - No viable dags retrieved from /home/airflow/.local/lib/python3.10/site-packages/airflow/example_dags/plugins/event_listener.py
[2024-06-12T12:04:24.868+0000] {processor.py:183} INFO - Processing /home/airflow/.local/lib/python3.10/site-packages/airflow/example_dags/plugins/event_listener.py took 0.015 seconds
[2024-06-12T12:04:55.416+0000] {processor.py:161} INFO - Started process (PID=2969) to work on /home/airflow/.local/lib/python3.10/site-packages/airflow/example_dags/plugins/event_listener.py
[2024-06-12T12:04:55.417+0000] {processor.py:830} INFO - Processing file /home/airflow/.local/lib/python3.10/site-packages/airflow/example_dags/plugins/event_listener.py for tasks to queue
[2024-06-12T12:04:55.418+0000] {logging_mixin.py:188} INFO - [2024-06-12T12:04:55.418+0000] {dagbag.py:545} INFO - Filling up the DagBag from /home/airflow/.local/lib/python3.10/site-packages/airflow/example_dags/plugins/event_listener.py
[2024-06-12T12:04:55.420+0000] {processor.py:842} WARNING - No viable dags retrieved from /home/airflow/.local/lib/python3.10/site-packages/airflow/example_dags/plugins/event_listener.py
[2024-06-12T12:04:55.427+0000] {processor.py:183} INFO - Processing /home/airflow/.local/lib/python3.10/site-packages/airflow/example_dags/plugins/event_listener.py took 0.015 seconds
[2024-06-12T12:05:25.955+0000] {processor.py:161} INFO - Started process (PID=3028) to work on /home/airflow/.local/lib/python3.10/site-packages/airflow/example_dags/plugins/event_listener.py
[2024-06-12T12:05:25.956+0000] {processor.py:830} INFO - Processing file /home/airflow/.local/lib/python3.10/site-packages/airflow/example_dags/plugins/event_listener.py for tasks to queue
[2024-06-12T12:05:25.958+0000] {logging_mixin.py:188} INFO - [2024-06-12T12:05:25.957+0000] {dagbag.py:545} INFO - Filling up the DagBag from /home/airflow/.local/lib/python3.10/site-packages/airflow/example_dags/plugins/event_listener.py
[2024-06-12T12:05:25.959+0000] {processor.py:842} WARNING - No viable dags retrieved from /home/airflow/.local/lib/python3.10/site-packages/airflow/example_dags/plugins/event_listener.py
[2024-06-12T12:05:25.969+0000] {processor.py:183} INFO - Processing /home/airflow/.local/lib/python3.10/site-packages/airflow/example_dags/plugins/event_listener.py took 0.018 seconds
[2024-06-12T12:05:56.365+0000] {processor.py:161} INFO - Started process (PID=3087) to work on /home/airflow/.local/lib/python3.10/site-packages/airflow/example_dags/plugins/event_listener.py
[2024-06-12T12:05:56.366+0000] {processor.py:830} INFO - Processing file /home/airflow/.local/lib/python3.10/site-packages/airflow/example_dags/plugins/event_listener.py for tasks to queue
[2024-06-12T12:05:56.367+0000] {logging_mixin.py:188} INFO - [2024-06-12T12:05:56.367+0000] {dagbag.py:545} INFO - Filling up the DagBag from /home/airflow/.local/lib/python3.10/site-packages/airflow/example_dags/plugins/event_listener.py
[2024-06-12T12:05:56.368+0000] {processor.py:842} WARNING - No viable dags retrieved from /home/airflow/.local/lib/python3.10/site-packages/airflow/example_dags/plugins/event_listener.py
[2024-06-12T12:05:56.377+0000] {processor.py:183} INFO - Processing /home/airflow/.local/lib/python3.10/site-packages/airflow/example_dags/plugins/event_listener.py took 0.015 seconds
[2024-06-12T12:06:27.149+0000] {processor.py:161} INFO - Started process (PID=3146) to work on /home/airflow/.local/lib/python3.10/site-packages/airflow/example_dags/plugins/event_listener.py
[2024-06-12T12:06:27.149+0000] {processor.py:830} INFO - Processing file /home/airflow/.local/lib/python3.10/site-packages/airflow/example_dags/plugins/event_listener.py for tasks to queue
[2024-06-12T12:06:27.150+0000] {logging_mixin.py:188} INFO - [2024-06-12T12:06:27.150+0000] {dagbag.py:545} INFO - Filling up the DagBag from /home/airflow/.local/lib/python3.10/site-packages/airflow/example_dags/plugins/event_listener.py
[2024-06-12T12:06:27.152+0000] {processor.py:842} WARNING - No viable dags retrieved from /home/airflow/.local/lib/python3.10/site-packages/airflow/example_dags/plugins/event_listener.py
[2024-06-12T12:06:27.159+0000] {processor.py:183} INFO - Processing /home/airflow/.local/lib/python3.10/site-packages/airflow/example_dags/plugins/event_listener.py took 0.014 seconds
[2024-06-12T12:06:57.922+0000] {processor.py:161} INFO - Started process (PID=3205) to work on /home/airflow/.local/lib/python3.10/site-packages/airflow/example_dags/plugins/event_listener.py
[2024-06-12T12:06:57.923+0000] {processor.py:830} INFO - Processing file /home/airflow/.local/lib/python3.10/site-packages/airflow/example_dags/plugins/event_listener.py for tasks to queue
[2024-06-12T12:06:57.924+0000] {logging_mixin.py:188} INFO - [2024-06-12T12:06:57.924+0000] {dagbag.py:545} INFO - Filling up the DagBag from /home/airflow/.local/lib/python3.10/site-packages/airflow/example_dags/plugins/event_listener.py
[2024-06-12T12:06:57.926+0000] {processor.py:842} WARNING - No viable dags retrieved from /home/airflow/.local/lib/python3.10/site-packages/airflow/example_dags/plugins/event_listener.py
[2024-06-12T12:06:57.934+0000] {processor.py:183} INFO - Processing /home/airflow/.local/lib/python3.10/site-packages/airflow/example_dags/plugins/event_listener.py took 0.015 seconds
[2024-06-12T12:07:28.832+0000] {processor.py:161} INFO - Started process (PID=3264) to work on /home/airflow/.local/lib/python3.10/site-packages/airflow/example_dags/plugins/event_listener.py
[2024-06-12T12:07:28.832+0000] {processor.py:830} INFO - Processing file /home/airflow/.local/lib/python3.10/site-packages/airflow/example_dags/plugins/event_listener.py for tasks to queue
[2024-06-12T12:07:28.833+0000] {logging_mixin.py:188} INFO - [2024-06-12T12:07:28.833+0000] {dagbag.py:545} INFO - Filling up the DagBag from /home/airflow/.local/lib/python3.10/site-packages/airflow/example_dags/plugins/event_listener.py
[2024-06-12T12:07:28.835+0000] {processor.py:842} WARNING - No viable dags retrieved from /home/airflow/.local/lib/python3.10/site-packages/airflow/example_dags/plugins/event_listener.py
[2024-06-12T12:07:28.844+0000] {processor.py:183} INFO - Processing /home/airflow/.local/lib/python3.10/site-packages/airflow/example_dags/plugins/event_listener.py took 0.016 seconds
[2024-06-12T12:07:59.105+0000] {processor.py:161} INFO - Started process (PID=3323) to work on /home/airflow/.local/lib/python3.10/site-packages/airflow/example_dags/plugins/event_listener.py
[2024-06-12T12:07:59.106+0000] {processor.py:830} INFO - Processing file /home/airflow/.local/lib/python3.10/site-packages/airflow/example_dags/plugins/event_listener.py for tasks to queue
[2024-06-12T12:07:59.107+0000] {logging_mixin.py:188} INFO - [2024-06-12T12:07:59.107+0000] {dagbag.py:545} INFO - Filling up the DagBag from /home/airflow/.local/lib/python3.10/site-packages/airflow/example_dags/plugins/event_listener.py
[2024-06-12T12:07:59.109+0000] {processor.py:842} WARNING - No viable dags retrieved from /home/airflow/.local/lib/python3.10/site-packages/airflow/example_dags/plugins/event_listener.py
[2024-06-12T12:07:59.117+0000] {processor.py:183} INFO - Processing /home/airflow/.local/lib/python3.10/site-packages/airflow/example_dags/plugins/event_listener.py took 0.015 seconds
[2024-06-12T12:08:29.841+0000] {processor.py:161} INFO - Started process (PID=3382) to work on /home/airflow/.local/lib/python3.10/site-packages/airflow/example_dags/plugins/event_listener.py
[2024-06-12T12:08:29.842+0000] {processor.py:830} INFO - Processing file /home/airflow/.local/lib/python3.10/site-packages/airflow/example_dags/plugins/event_listener.py for tasks to queue
[2024-06-12T12:08:29.843+0000] {logging_mixin.py:188} INFO - [2024-06-12T12:08:29.843+0000] {dagbag.py:545} INFO - Filling up the DagBag from /home/airflow/.local/lib/python3.10/site-packages/airflow/example_dags/plugins/event_listener.py
[2024-06-12T12:08:29.844+0000] {processor.py:842} WARNING - No viable dags retrieved from /home/airflow/.local/lib/python3.10/site-packages/airflow/example_dags/plugins/event_listener.py
[2024-06-12T12:08:29.852+0000] {processor.py:183} INFO - Processing /home/airflow/.local/lib/python3.10/site-packages/airflow/example_dags/plugins/event_listener.py took 0.015 seconds
[2024-06-12T12:09:00.332+0000] {processor.py:161} INFO - Started process (PID=3441) to work on /home/airflow/.local/lib/python3.10/site-packages/airflow/example_dags/plugins/event_listener.py
[2024-06-12T12:09:00.333+0000] {processor.py:830} INFO - Processing file /home/airflow/.local/lib/python3.10/site-packages/airflow/example_dags/plugins/event_listener.py for tasks to queue
[2024-06-12T12:09:00.334+0000] {logging_mixin.py:188} INFO - [2024-06-12T12:09:00.334+0000] {dagbag.py:545} INFO - Filling up the DagBag from /home/airflow/.local/lib/python3.10/site-packages/airflow/example_dags/plugins/event_listener.py
[2024-06-12T12:09:00.335+0000] {processor.py:842} WARNING - No viable dags retrieved from /home/airflow/.local/lib/python3.10/site-packages/airflow/example_dags/plugins/event_listener.py
[2024-06-12T12:09:00.344+0000] {processor.py:183} INFO - Processing /home/airflow/.local/lib/python3.10/site-packages/airflow/example_dags/plugins/event_listener.py took 0.017 seconds
[2024-06-12T12:09:30.921+0000] {processor.py:161} INFO - Started process (PID=3500) to work on /home/airflow/.local/lib/python3.10/site-packages/airflow/example_dags/plugins/event_listener.py
[2024-06-12T12:09:30.922+0000] {processor.py:830} INFO - Processing file /home/airflow/.local/lib/python3.10/site-packages/airflow/example_dags/plugins/event_listener.py for tasks to queue
[2024-06-12T12:09:30.923+0000] {logging_mixin.py:188} INFO - [2024-06-12T12:09:30.922+0000] {dagbag.py:545} INFO - Filling up the DagBag from /home/airflow/.local/lib/python3.10/site-packages/airflow/example_dags/plugins/event_listener.py
[2024-06-12T12:09:30.924+0000] {processor.py:842} WARNING - No viable dags retrieved from /home/airflow/.local/lib/python3.10/site-packages/airflow/example_dags/plugins/event_listener.py
[2024-06-12T12:09:30.932+0000] {processor.py:183} INFO - Processing /home/airflow/.local/lib/python3.10/site-packages/airflow/example_dags/plugins/event_listener.py took 0.015 seconds
[2024-06-12T12:10:01.806+0000] {processor.py:161} INFO - Started process (PID=3559) to work on /home/airflow/.local/lib/python3.10/site-packages/airflow/example_dags/plugins/event_listener.py
[2024-06-12T12:10:01.807+0000] {processor.py:830} INFO - Processing file /home/airflow/.local/lib/python3.10/site-packages/airflow/example_dags/plugins/event_listener.py for tasks to queue
[2024-06-12T12:10:01.808+0000] {logging_mixin.py:188} INFO - [2024-06-12T12:10:01.808+0000] {dagbag.py:545} INFO - Filling up the DagBag from /home/airflow/.local/lib/python3.10/site-packages/airflow/example_dags/plugins/event_listener.py
[2024-06-12T12:10:01.809+0000] {processor.py:842} WARNING - No viable dags retrieved from /home/airflow/.local/lib/python3.10/site-packages/airflow/example_dags/plugins/event_listener.py
[2024-06-12T12:10:01.818+0000] {processor.py:183} INFO - Processing /home/airflow/.local/lib/python3.10/site-packages/airflow/example_dags/plugins/event_listener.py took 0.015 seconds
[2024-06-12T12:10:32.493+0000] {processor.py:161} INFO - Started process (PID=3618) to work on /home/airflow/.local/lib/python3.10/site-packages/airflow/example_dags/plugins/event_listener.py
[2024-06-12T12:10:32.494+0000] {processor.py:830} INFO - Processing file /home/airflow/.local/lib/python3.10/site-packages/airflow/example_dags/plugins/event_listener.py for tasks to queue
[2024-06-12T12:10:32.495+0000] {logging_mixin.py:188} INFO - [2024-06-12T12:10:32.495+0000] {dagbag.py:545} INFO - Filling up the DagBag from /home/airflow/.local/lib/python3.10/site-packages/airflow/example_dags/plugins/event_listener.py
[2024-06-12T12:10:32.498+0000] {processor.py:842} WARNING - No viable dags retrieved from /home/airflow/.local/lib/python3.10/site-packages/airflow/example_dags/plugins/event_listener.py
[2024-06-12T12:10:32.508+0000] {processor.py:183} INFO - Processing /home/airflow/.local/lib/python3.10/site-packages/airflow/example_dags/plugins/event_listener.py took 0.020 seconds
[2024-06-12T12:11:02.726+0000] {processor.py:161} INFO - Started process (PID=3677) to work on /home/airflow/.local/lib/python3.10/site-packages/airflow/example_dags/plugins/event_listener.py
[2024-06-12T12:11:02.727+0000] {processor.py:830} INFO - Processing file /home/airflow/.local/lib/python3.10/site-packages/airflow/example_dags/plugins/event_listener.py for tasks to queue
[2024-06-12T12:11:02.728+0000] {logging_mixin.py:188} INFO - [2024-06-12T12:11:02.728+0000] {dagbag.py:545} INFO - Filling up the DagBag from /home/airflow/.local/lib/python3.10/site-packages/airflow/example_dags/plugins/event_listener.py
[2024-06-12T12:11:02.732+0000] {processor.py:842} WARNING - No viable dags retrieved from /home/airflow/.local/lib/python3.10/site-packages/airflow/example_dags/plugins/event_listener.py
[2024-06-12T12:11:02.740+0000] {processor.py:183} INFO - Processing /home/airflow/.local/lib/python3.10/site-packages/airflow/example_dags/plugins/event_listener.py took 0.018 seconds
[2024-06-12T12:11:33.246+0000] {processor.py:161} INFO - Started process (PID=3736) to work on /home/airflow/.local/lib/python3.10/site-packages/airflow/example_dags/plugins/event_listener.py
[2024-06-12T12:11:33.247+0000] {processor.py:830} INFO - Processing file /home/airflow/.local/lib/python3.10/site-packages/airflow/example_dags/plugins/event_listener.py for tasks to queue
[2024-06-12T12:11:33.249+0000] {logging_mixin.py:188} INFO - [2024-06-12T12:11:33.249+0000] {dagbag.py:545} INFO - Filling up the DagBag from /home/airflow/.local/lib/python3.10/site-packages/airflow/example_dags/plugins/event_listener.py
[2024-06-12T12:11:33.250+0000] {processor.py:842} WARNING - No viable dags retrieved from /home/airflow/.local/lib/python3.10/site-packages/airflow/example_dags/plugins/event_listener.py
[2024-06-12T12:11:33.258+0000] {processor.py:183} INFO - Processing /home/airflow/.local/lib/python3.10/site-packages/airflow/example_dags/plugins/event_listener.py took 0.016 seconds
[2024-06-12T12:12:04.224+0000] {processor.py:161} INFO - Started process (PID=3795) to work on /home/airflow/.local/lib/python3.10/site-packages/airflow/example_dags/plugins/event_listener.py
[2024-06-12T12:12:04.225+0000] {processor.py:830} INFO - Processing file /home/airflow/.local/lib/python3.10/site-packages/airflow/example_dags/plugins/event_listener.py for tasks to queue
[2024-06-12T12:12:04.227+0000] {logging_mixin.py:188} INFO - [2024-06-12T12:12:04.227+0000] {dagbag.py:545} INFO - Filling up the DagBag from /home/airflow/.local/lib/python3.10/site-packages/airflow/example_dags/plugins/event_listener.py
[2024-06-12T12:12:04.228+0000] {processor.py:842} WARNING - No viable dags retrieved from /home/airflow/.local/lib/python3.10/site-packages/airflow/example_dags/plugins/event_listener.py
[2024-06-12T12:12:04.237+0000] {processor.py:183} INFO - Processing /home/airflow/.local/lib/python3.10/site-packages/airflow/example_dags/plugins/event_listener.py took 0.017 seconds
[2024-06-12T12:12:34.579+0000] {processor.py:161} INFO - Started process (PID=3854) to work on /home/airflow/.local/lib/python3.10/site-packages/airflow/example_dags/plugins/event_listener.py
[2024-06-12T12:12:34.580+0000] {processor.py:830} INFO - Processing file /home/airflow/.local/lib/python3.10/site-packages/airflow/example_dags/plugins/event_listener.py for tasks to queue
[2024-06-12T12:12:34.581+0000] {logging_mixin.py:188} INFO - [2024-06-12T12:12:34.581+0000] {dagbag.py:545} INFO - Filling up the DagBag from /home/airflow/.local/lib/python3.10/site-packages/airflow/example_dags/plugins/event_listener.py
[2024-06-12T12:12:34.583+0000] {processor.py:842} WARNING - No viable dags retrieved from /home/airflow/.local/lib/python3.10/site-packages/airflow/example_dags/plugins/event_listener.py
[2024-06-12T12:12:34.592+0000] {processor.py:183} INFO - Processing /home/airflow/.local/lib/python3.10/site-packages/airflow/example_dags/plugins/event_listener.py took 0.017 seconds
[2024-06-12T12:13:04.746+0000] {processor.py:161} INFO - Started process (PID=3912) to work on /home/airflow/.local/lib/python3.10/site-packages/airflow/example_dags/plugins/event_listener.py
[2024-06-12T12:13:04.747+0000] {processor.py:830} INFO - Processing file /home/airflow/.local/lib/python3.10/site-packages/airflow/example_dags/plugins/event_listener.py for tasks to queue
[2024-06-12T12:13:04.748+0000] {logging_mixin.py:188} INFO - [2024-06-12T12:13:04.748+0000] {dagbag.py:545} INFO - Filling up the DagBag from /home/airflow/.local/lib/python3.10/site-packages/airflow/example_dags/plugins/event_listener.py
[2024-06-12T12:13:04.750+0000] {processor.py:842} WARNING - No viable dags retrieved from /home/airflow/.local/lib/python3.10/site-packages/airflow/example_dags/plugins/event_listener.py
[2024-06-12T12:13:04.759+0000] {processor.py:183} INFO - Processing /home/airflow/.local/lib/python3.10/site-packages/airflow/example_dags/plugins/event_listener.py took 0.017 seconds
[2024-06-12T12:13:35.045+0000] {processor.py:161} INFO - Started process (PID=3971) to work on /home/airflow/.local/lib/python3.10/site-packages/airflow/example_dags/plugins/event_listener.py
[2024-06-12T12:13:35.046+0000] {processor.py:830} INFO - Processing file /home/airflow/.local/lib/python3.10/site-packages/airflow/example_dags/plugins/event_listener.py for tasks to queue
[2024-06-12T12:13:35.048+0000] {logging_mixin.py:188} INFO - [2024-06-12T12:13:35.047+0000] {dagbag.py:545} INFO - Filling up the DagBag from /home/airflow/.local/lib/python3.10/site-packages/airflow/example_dags/plugins/event_listener.py
[2024-06-12T12:13:35.049+0000] {processor.py:842} WARNING - No viable dags retrieved from /home/airflow/.local/lib/python3.10/site-packages/airflow/example_dags/plugins/event_listener.py
[2024-06-12T12:13:35.058+0000] {processor.py:183} INFO - Processing /home/airflow/.local/lib/python3.10/site-packages/airflow/example_dags/plugins/event_listener.py took 0.016 seconds
[2024-06-12T12:14:05.575+0000] {processor.py:161} INFO - Started process (PID=4030) to work on /home/airflow/.local/lib/python3.10/site-packages/airflow/example_dags/plugins/event_listener.py
[2024-06-12T12:14:05.576+0000] {processor.py:830} INFO - Processing file /home/airflow/.local/lib/python3.10/site-packages/airflow/example_dags/plugins/event_listener.py for tasks to queue
[2024-06-12T12:14:05.579+0000] {logging_mixin.py:188} INFO - [2024-06-12T12:14:05.579+0000] {dagbag.py:545} INFO - Filling up the DagBag from /home/airflow/.local/lib/python3.10/site-packages/airflow/example_dags/plugins/event_listener.py
[2024-06-12T12:14:05.580+0000] {processor.py:842} WARNING - No viable dags retrieved from /home/airflow/.local/lib/python3.10/site-packages/airflow/example_dags/plugins/event_listener.py
[2024-06-12T12:14:05.590+0000] {processor.py:183} INFO - Processing /home/airflow/.local/lib/python3.10/site-packages/airflow/example_dags/plugins/event_listener.py took 0.019 seconds
[2024-06-12T12:14:35.657+0000] {processor.py:161} INFO - Started process (PID=4089) to work on /home/airflow/.local/lib/python3.10/site-packages/airflow/example_dags/plugins/event_listener.py
[2024-06-12T12:14:35.658+0000] {processor.py:830} INFO - Processing file /home/airflow/.local/lib/python3.10/site-packages/airflow/example_dags/plugins/event_listener.py for tasks to queue
[2024-06-12T12:14:35.660+0000] {logging_mixin.py:188} INFO - [2024-06-12T12:14:35.660+0000] {dagbag.py:545} INFO - Filling up the DagBag from /home/airflow/.local/lib/python3.10/site-packages/airflow/example_dags/plugins/event_listener.py
[2024-06-12T12:14:35.662+0000] {processor.py:842} WARNING - No viable dags retrieved from /home/airflow/.local/lib/python3.10/site-packages/airflow/example_dags/plugins/event_listener.py
[2024-06-12T12:14:35.670+0000] {processor.py:183} INFO - Processing /home/airflow/.local/lib/python3.10/site-packages/airflow/example_dags/plugins/event_listener.py took 0.016 seconds
[2024-06-12T12:15:05.926+0000] {processor.py:161} INFO - Started process (PID=4148) to work on /home/airflow/.local/lib/python3.10/site-packages/airflow/example_dags/plugins/event_listener.py
[2024-06-12T12:15:05.927+0000] {processor.py:830} INFO - Processing file /home/airflow/.local/lib/python3.10/site-packages/airflow/example_dags/plugins/event_listener.py for tasks to queue
[2024-06-12T12:15:05.928+0000] {logging_mixin.py:188} INFO - [2024-06-12T12:15:05.928+0000] {dagbag.py:545} INFO - Filling up the DagBag from /home/airflow/.local/lib/python3.10/site-packages/airflow/example_dags/plugins/event_listener.py
[2024-06-12T12:15:05.929+0000] {processor.py:842} WARNING - No viable dags retrieved from /home/airflow/.local/lib/python3.10/site-packages/airflow/example_dags/plugins/event_listener.py
[2024-06-12T12:15:05.937+0000] {processor.py:183} INFO - Processing /home/airflow/.local/lib/python3.10/site-packages/airflow/example_dags/plugins/event_listener.py took 0.014 seconds
[2024-06-12T12:15:36.188+0000] {processor.py:161} INFO - Started process (PID=4207) to work on /home/airflow/.local/lib/python3.10/site-packages/airflow/example_dags/plugins/event_listener.py
[2024-06-12T12:15:36.189+0000] {processor.py:830} INFO - Processing file /home/airflow/.local/lib/python3.10/site-packages/airflow/example_dags/plugins/event_listener.py for tasks to queue
[2024-06-12T12:15:36.190+0000] {logging_mixin.py:188} INFO - [2024-06-12T12:15:36.190+0000] {dagbag.py:545} INFO - Filling up the DagBag from /home/airflow/.local/lib/python3.10/site-packages/airflow/example_dags/plugins/event_listener.py
[2024-06-12T12:15:36.191+0000] {processor.py:842} WARNING - No viable dags retrieved from /home/airflow/.local/lib/python3.10/site-packages/airflow/example_dags/plugins/event_listener.py
[2024-06-12T12:15:36.200+0000] {processor.py:183} INFO - Processing /home/airflow/.local/lib/python3.10/site-packages/airflow/example_dags/plugins/event_listener.py took 0.015 seconds
[2024-06-12T12:16:06.433+0000] {processor.py:161} INFO - Started process (PID=4266) to work on /home/airflow/.local/lib/python3.10/site-packages/airflow/example_dags/plugins/event_listener.py
[2024-06-12T12:16:06.434+0000] {processor.py:830} INFO - Processing file /home/airflow/.local/lib/python3.10/site-packages/airflow/example_dags/plugins/event_listener.py for tasks to queue
[2024-06-12T12:16:06.435+0000] {logging_mixin.py:188} INFO - [2024-06-12T12:16:06.435+0000] {dagbag.py:545} INFO - Filling up the DagBag from /home/airflow/.local/lib/python3.10/site-packages/airflow/example_dags/plugins/event_listener.py
[2024-06-12T12:16:06.437+0000] {processor.py:842} WARNING - No viable dags retrieved from /home/airflow/.local/lib/python3.10/site-packages/airflow/example_dags/plugins/event_listener.py
[2024-06-12T12:16:06.444+0000] {processor.py:183} INFO - Processing /home/airflow/.local/lib/python3.10/site-packages/airflow/example_dags/plugins/event_listener.py took 0.015 seconds
[2024-06-12T12:16:37.472+0000] {processor.py:161} INFO - Started process (PID=4325) to work on /home/airflow/.local/lib/python3.10/site-packages/airflow/example_dags/plugins/event_listener.py
[2024-06-12T12:16:37.473+0000] {processor.py:830} INFO - Processing file /home/airflow/.local/lib/python3.10/site-packages/airflow/example_dags/plugins/event_listener.py for tasks to queue
[2024-06-12T12:16:37.474+0000] {logging_mixin.py:188} INFO - [2024-06-12T12:16:37.474+0000] {dagbag.py:545} INFO - Filling up the DagBag from /home/airflow/.local/lib/python3.10/site-packages/airflow/example_dags/plugins/event_listener.py
[2024-06-12T12:16:37.476+0000] {processor.py:842} WARNING - No viable dags retrieved from /home/airflow/.local/lib/python3.10/site-packages/airflow/example_dags/plugins/event_listener.py
[2024-06-12T12:16:37.484+0000] {processor.py:183} INFO - Processing /home/airflow/.local/lib/python3.10/site-packages/airflow/example_dags/plugins/event_listener.py took 0.016 seconds
[2024-06-12T12:17:07.691+0000] {processor.py:161} INFO - Started process (PID=4383) to work on /home/airflow/.local/lib/python3.10/site-packages/airflow/example_dags/plugins/event_listener.py
[2024-06-12T12:17:07.692+0000] {processor.py:830} INFO - Processing file /home/airflow/.local/lib/python3.10/site-packages/airflow/example_dags/plugins/event_listener.py for tasks to queue
[2024-06-12T12:17:07.693+0000] {logging_mixin.py:188} INFO - [2024-06-12T12:17:07.693+0000] {dagbag.py:545} INFO - Filling up the DagBag from /home/airflow/.local/lib/python3.10/site-packages/airflow/example_dags/plugins/event_listener.py
[2024-06-12T12:17:07.695+0000] {processor.py:842} WARNING - No viable dags retrieved from /home/airflow/.local/lib/python3.10/site-packages/airflow/example_dags/plugins/event_listener.py
[2024-06-12T12:17:07.704+0000] {processor.py:183} INFO - Processing /home/airflow/.local/lib/python3.10/site-packages/airflow/example_dags/plugins/event_listener.py took 0.017 seconds
[2024-06-12T12:17:38.126+0000] {processor.py:161} INFO - Started process (PID=4443) to work on /home/airflow/.local/lib/python3.10/site-packages/airflow/example_dags/plugins/event_listener.py
[2024-06-12T12:17:38.128+0000] {processor.py:830} INFO - Processing file /home/airflow/.local/lib/python3.10/site-packages/airflow/example_dags/plugins/event_listener.py for tasks to queue
[2024-06-12T12:17:38.129+0000] {logging_mixin.py:188} INFO - [2024-06-12T12:17:38.129+0000] {dagbag.py:545} INFO - Filling up the DagBag from /home/airflow/.local/lib/python3.10/site-packages/airflow/example_dags/plugins/event_listener.py
[2024-06-12T12:17:38.131+0000] {processor.py:842} WARNING - No viable dags retrieved from /home/airflow/.local/lib/python3.10/site-packages/airflow/example_dags/plugins/event_listener.py
[2024-06-12T12:17:38.142+0000] {processor.py:183} INFO - Processing /home/airflow/.local/lib/python3.10/site-packages/airflow/example_dags/plugins/event_listener.py took 0.020 seconds
[2024-06-12T12:18:08.494+0000] {processor.py:161} INFO - Started process (PID=4502) to work on /home/airflow/.local/lib/python3.10/site-packages/airflow/example_dags/plugins/event_listener.py
[2024-06-12T12:18:08.495+0000] {processor.py:830} INFO - Processing file /home/airflow/.local/lib/python3.10/site-packages/airflow/example_dags/plugins/event_listener.py for tasks to queue
[2024-06-12T12:18:08.496+0000] {logging_mixin.py:188} INFO - [2024-06-12T12:18:08.496+0000] {dagbag.py:545} INFO - Filling up the DagBag from /home/airflow/.local/lib/python3.10/site-packages/airflow/example_dags/plugins/event_listener.py
[2024-06-12T12:18:08.498+0000] {processor.py:842} WARNING - No viable dags retrieved from /home/airflow/.local/lib/python3.10/site-packages/airflow/example_dags/plugins/event_listener.py
[2024-06-12T12:18:08.505+0000] {processor.py:183} INFO - Processing /home/airflow/.local/lib/python3.10/site-packages/airflow/example_dags/plugins/event_listener.py took 0.015 seconds
[2024-06-12T12:18:38.706+0000] {processor.py:161} INFO - Started process (PID=4561) to work on /home/airflow/.local/lib/python3.10/site-packages/airflow/example_dags/plugins/event_listener.py
[2024-06-12T12:18:38.707+0000] {processor.py:830} INFO - Processing file /home/airflow/.local/lib/python3.10/site-packages/airflow/example_dags/plugins/event_listener.py for tasks to queue
[2024-06-12T12:18:38.709+0000] {logging_mixin.py:188} INFO - [2024-06-12T12:18:38.709+0000] {dagbag.py:545} INFO - Filling up the DagBag from /home/airflow/.local/lib/python3.10/site-packages/airflow/example_dags/plugins/event_listener.py
[2024-06-12T12:18:38.711+0000] {processor.py:842} WARNING - No viable dags retrieved from /home/airflow/.local/lib/python3.10/site-packages/airflow/example_dags/plugins/event_listener.py
[2024-06-12T12:18:38.721+0000] {processor.py:183} INFO - Processing /home/airflow/.local/lib/python3.10/site-packages/airflow/example_dags/plugins/event_listener.py took 0.018 seconds
[2024-06-12T12:19:09.065+0000] {processor.py:161} INFO - Started process (PID=4620) to work on /home/airflow/.local/lib/python3.10/site-packages/airflow/example_dags/plugins/event_listener.py
[2024-06-12T12:19:09.066+0000] {processor.py:830} INFO - Processing file /home/airflow/.local/lib/python3.10/site-packages/airflow/example_dags/plugins/event_listener.py for tasks to queue
[2024-06-12T12:19:09.068+0000] {logging_mixin.py:188} INFO - [2024-06-12T12:19:09.068+0000] {dagbag.py:545} INFO - Filling up the DagBag from /home/airflow/.local/lib/python3.10/site-packages/airflow/example_dags/plugins/event_listener.py
[2024-06-12T12:19:09.070+0000] {processor.py:842} WARNING - No viable dags retrieved from /home/airflow/.local/lib/python3.10/site-packages/airflow/example_dags/plugins/event_listener.py
[2024-06-12T12:19:09.078+0000] {processor.py:183} INFO - Processing /home/airflow/.local/lib/python3.10/site-packages/airflow/example_dags/plugins/event_listener.py took 0.017 seconds
[2024-06-12T12:19:39.113+0000] {processor.py:161} INFO - Started process (PID=4678) to work on /home/airflow/.local/lib/python3.10/site-packages/airflow/example_dags/plugins/event_listener.py
[2024-06-12T12:19:39.114+0000] {processor.py:830} INFO - Processing file /home/airflow/.local/lib/python3.10/site-packages/airflow/example_dags/plugins/event_listener.py for tasks to queue
[2024-06-12T12:19:39.115+0000] {logging_mixin.py:188} INFO - [2024-06-12T12:19:39.115+0000] {dagbag.py:545} INFO - Filling up the DagBag from /home/airflow/.local/lib/python3.10/site-packages/airflow/example_dags/plugins/event_listener.py
[2024-06-12T12:19:39.116+0000] {processor.py:842} WARNING - No viable dags retrieved from /home/airflow/.local/lib/python3.10/site-packages/airflow/example_dags/plugins/event_listener.py
[2024-06-12T12:19:39.125+0000] {processor.py:183} INFO - Processing /home/airflow/.local/lib/python3.10/site-packages/airflow/example_dags/plugins/event_listener.py took 0.016 seconds
[2024-06-12T12:20:10.107+0000] {processor.py:161} INFO - Started process (PID=4737) to work on /home/airflow/.local/lib/python3.10/site-packages/airflow/example_dags/plugins/event_listener.py
[2024-06-12T12:20:10.108+0000] {processor.py:830} INFO - Processing file /home/airflow/.local/lib/python3.10/site-packages/airflow/example_dags/plugins/event_listener.py for tasks to queue
[2024-06-12T12:20:10.109+0000] {logging_mixin.py:188} INFO - [2024-06-12T12:20:10.109+0000] {dagbag.py:545} INFO - Filling up the DagBag from /home/airflow/.local/lib/python3.10/site-packages/airflow/example_dags/plugins/event_listener.py
[2024-06-12T12:20:10.110+0000] {processor.py:842} WARNING - No viable dags retrieved from /home/airflow/.local/lib/python3.10/site-packages/airflow/example_dags/plugins/event_listener.py
[2024-06-12T12:20:10.119+0000] {processor.py:183} INFO - Processing /home/airflow/.local/lib/python3.10/site-packages/airflow/example_dags/plugins/event_listener.py took 0.016 seconds
[2024-06-12T12:20:41.058+0000] {processor.py:161} INFO - Started process (PID=4796) to work on /home/airflow/.local/lib/python3.10/site-packages/airflow/example_dags/plugins/event_listener.py
[2024-06-12T12:20:41.059+0000] {processor.py:830} INFO - Processing file /home/airflow/.local/lib/python3.10/site-packages/airflow/example_dags/plugins/event_listener.py for tasks to queue
[2024-06-12T12:20:41.060+0000] {logging_mixin.py:188} INFO - [2024-06-12T12:20:41.060+0000] {dagbag.py:545} INFO - Filling up the DagBag from /home/airflow/.local/lib/python3.10/site-packages/airflow/example_dags/plugins/event_listener.py
[2024-06-12T12:20:41.061+0000] {processor.py:842} WARNING - No viable dags retrieved from /home/airflow/.local/lib/python3.10/site-packages/airflow/example_dags/plugins/event_listener.py
[2024-06-12T12:20:41.070+0000] {processor.py:183} INFO - Processing /home/airflow/.local/lib/python3.10/site-packages/airflow/example_dags/plugins/event_listener.py took 0.015 seconds
[2024-06-12T12:21:12.127+0000] {processor.py:161} INFO - Started process (PID=4855) to work on /home/airflow/.local/lib/python3.10/site-packages/airflow/example_dags/plugins/event_listener.py
[2024-06-12T12:21:12.128+0000] {processor.py:830} INFO - Processing file /home/airflow/.local/lib/python3.10/site-packages/airflow/example_dags/plugins/event_listener.py for tasks to queue
[2024-06-12T12:21:12.130+0000] {logging_mixin.py:188} INFO - [2024-06-12T12:21:12.130+0000] {dagbag.py:545} INFO - Filling up the DagBag from /home/airflow/.local/lib/python3.10/site-packages/airflow/example_dags/plugins/event_listener.py
[2024-06-12T12:21:12.132+0000] {processor.py:842} WARNING - No viable dags retrieved from /home/airflow/.local/lib/python3.10/site-packages/airflow/example_dags/plugins/event_listener.py
[2024-06-12T12:21:12.141+0000] {processor.py:183} INFO - Processing /home/airflow/.local/lib/python3.10/site-packages/airflow/example_dags/plugins/event_listener.py took 0.018 seconds
[2024-06-12T12:21:42.228+0000] {processor.py:161} INFO - Started process (PID=4914) to work on /home/airflow/.local/lib/python3.10/site-packages/airflow/example_dags/plugins/event_listener.py
[2024-06-12T12:21:42.230+0000] {processor.py:830} INFO - Processing file /home/airflow/.local/lib/python3.10/site-packages/airflow/example_dags/plugins/event_listener.py for tasks to queue
[2024-06-12T12:21:42.231+0000] {logging_mixin.py:188} INFO - [2024-06-12T12:21:42.231+0000] {dagbag.py:545} INFO - Filling up the DagBag from /home/airflow/.local/lib/python3.10/site-packages/airflow/example_dags/plugins/event_listener.py
[2024-06-12T12:21:42.233+0000] {processor.py:842} WARNING - No viable dags retrieved from /home/airflow/.local/lib/python3.10/site-packages/airflow/example_dags/plugins/event_listener.py
[2024-06-12T12:21:42.242+0000] {processor.py:183} INFO - Processing /home/airflow/.local/lib/python3.10/site-packages/airflow/example_dags/plugins/event_listener.py took 0.018 seconds
[2024-06-12T12:22:12.605+0000] {processor.py:161} INFO - Started process (PID=4973) to work on /home/airflow/.local/lib/python3.10/site-packages/airflow/example_dags/plugins/event_listener.py
[2024-06-12T12:22:12.607+0000] {processor.py:830} INFO - Processing file /home/airflow/.local/lib/python3.10/site-packages/airflow/example_dags/plugins/event_listener.py for tasks to queue
[2024-06-12T12:22:12.608+0000] {logging_mixin.py:188} INFO - [2024-06-12T12:22:12.608+0000] {dagbag.py:545} INFO - Filling up the DagBag from /home/airflow/.local/lib/python3.10/site-packages/airflow/example_dags/plugins/event_listener.py
[2024-06-12T12:22:12.610+0000] {processor.py:842} WARNING - No viable dags retrieved from /home/airflow/.local/lib/python3.10/site-packages/airflow/example_dags/plugins/event_listener.py
[2024-06-12T12:22:12.619+0000] {processor.py:183} INFO - Processing /home/airflow/.local/lib/python3.10/site-packages/airflow/example_dags/plugins/event_listener.py took 0.017 seconds
[2024-06-12T12:22:43.551+0000] {processor.py:161} INFO - Started process (PID=5032) to work on /home/airflow/.local/lib/python3.10/site-packages/airflow/example_dags/plugins/event_listener.py
[2024-06-12T12:22:43.552+0000] {processor.py:830} INFO - Processing file /home/airflow/.local/lib/python3.10/site-packages/airflow/example_dags/plugins/event_listener.py for tasks to queue
[2024-06-12T12:22:43.554+0000] {logging_mixin.py:188} INFO - [2024-06-12T12:22:43.554+0000] {dagbag.py:545} INFO - Filling up the DagBag from /home/airflow/.local/lib/python3.10/site-packages/airflow/example_dags/plugins/event_listener.py
[2024-06-12T12:22:43.556+0000] {processor.py:842} WARNING - No viable dags retrieved from /home/airflow/.local/lib/python3.10/site-packages/airflow/example_dags/plugins/event_listener.py
[2024-06-12T12:22:43.565+0000] {processor.py:183} INFO - Processing /home/airflow/.local/lib/python3.10/site-packages/airflow/example_dags/plugins/event_listener.py took 0.017 seconds
[2024-06-12T12:23:13.727+0000] {processor.py:161} INFO - Started process (PID=5091) to work on /home/airflow/.local/lib/python3.10/site-packages/airflow/example_dags/plugins/event_listener.py
[2024-06-12T12:23:13.728+0000] {processor.py:830} INFO - Processing file /home/airflow/.local/lib/python3.10/site-packages/airflow/example_dags/plugins/event_listener.py for tasks to queue
[2024-06-12T12:23:13.729+0000] {logging_mixin.py:188} INFO - [2024-06-12T12:23:13.729+0000] {dagbag.py:545} INFO - Filling up the DagBag from /home/airflow/.local/lib/python3.10/site-packages/airflow/example_dags/plugins/event_listener.py
[2024-06-12T12:23:13.731+0000] {processor.py:842} WARNING - No viable dags retrieved from /home/airflow/.local/lib/python3.10/site-packages/airflow/example_dags/plugins/event_listener.py
[2024-06-12T12:23:13.741+0000] {processor.py:183} INFO - Processing /home/airflow/.local/lib/python3.10/site-packages/airflow/example_dags/plugins/event_listener.py took 0.019 seconds
[2024-06-12T12:23:43.834+0000] {processor.py:161} INFO - Started process (PID=5150) to work on /home/airflow/.local/lib/python3.10/site-packages/airflow/example_dags/plugins/event_listener.py
[2024-06-12T12:23:43.835+0000] {processor.py:830} INFO - Processing file /home/airflow/.local/lib/python3.10/site-packages/airflow/example_dags/plugins/event_listener.py for tasks to queue
[2024-06-12T12:23:43.837+0000] {logging_mixin.py:188} INFO - [2024-06-12T12:23:43.837+0000] {dagbag.py:545} INFO - Filling up the DagBag from /home/airflow/.local/lib/python3.10/site-packages/airflow/example_dags/plugins/event_listener.py
[2024-06-12T12:23:43.839+0000] {processor.py:842} WARNING - No viable dags retrieved from /home/airflow/.local/lib/python3.10/site-packages/airflow/example_dags/plugins/event_listener.py
[2024-06-12T12:23:43.848+0000] {processor.py:183} INFO - Processing /home/airflow/.local/lib/python3.10/site-packages/airflow/example_dags/plugins/event_listener.py took 0.017 seconds
[2024-06-12T12:24:13.960+0000] {processor.py:161} INFO - Started process (PID=5209) to work on /home/airflow/.local/lib/python3.10/site-packages/airflow/example_dags/plugins/event_listener.py
[2024-06-12T12:24:13.961+0000] {processor.py:830} INFO - Processing file /home/airflow/.local/lib/python3.10/site-packages/airflow/example_dags/plugins/event_listener.py for tasks to queue
[2024-06-12T12:24:13.963+0000] {logging_mixin.py:188} INFO - [2024-06-12T12:24:13.963+0000] {dagbag.py:545} INFO - Filling up the DagBag from /home/airflow/.local/lib/python3.10/site-packages/airflow/example_dags/plugins/event_listener.py
[2024-06-12T12:24:13.965+0000] {processor.py:842} WARNING - No viable dags retrieved from /home/airflow/.local/lib/python3.10/site-packages/airflow/example_dags/plugins/event_listener.py
[2024-06-12T12:24:13.974+0000] {processor.py:183} INFO - Processing /home/airflow/.local/lib/python3.10/site-packages/airflow/example_dags/plugins/event_listener.py took 0.017 seconds
[2024-06-12T12:24:44.108+0000] {processor.py:161} INFO - Started process (PID=5268) to work on /home/airflow/.local/lib/python3.10/site-packages/airflow/example_dags/plugins/event_listener.py
[2024-06-12T12:24:44.109+0000] {processor.py:830} INFO - Processing file /home/airflow/.local/lib/python3.10/site-packages/airflow/example_dags/plugins/event_listener.py for tasks to queue
[2024-06-12T12:24:44.110+0000] {logging_mixin.py:188} INFO - [2024-06-12T12:24:44.110+0000] {dagbag.py:545} INFO - Filling up the DagBag from /home/airflow/.local/lib/python3.10/site-packages/airflow/example_dags/plugins/event_listener.py
[2024-06-12T12:24:44.112+0000] {processor.py:842} WARNING - No viable dags retrieved from /home/airflow/.local/lib/python3.10/site-packages/airflow/example_dags/plugins/event_listener.py
[2024-06-12T12:24:44.121+0000] {processor.py:183} INFO - Processing /home/airflow/.local/lib/python3.10/site-packages/airflow/example_dags/plugins/event_listener.py took 0.017 seconds
[2024-06-12T12:25:14.205+0000] {processor.py:161} INFO - Started process (PID=5327) to work on /home/airflow/.local/lib/python3.10/site-packages/airflow/example_dags/plugins/event_listener.py
[2024-06-12T12:25:14.206+0000] {processor.py:830} INFO - Processing file /home/airflow/.local/lib/python3.10/site-packages/airflow/example_dags/plugins/event_listener.py for tasks to queue
[2024-06-12T12:25:14.208+0000] {logging_mixin.py:188} INFO - [2024-06-12T12:25:14.208+0000] {dagbag.py:545} INFO - Filling up the DagBag from /home/airflow/.local/lib/python3.10/site-packages/airflow/example_dags/plugins/event_listener.py
[2024-06-12T12:25:14.210+0000] {processor.py:842} WARNING - No viable dags retrieved from /home/airflow/.local/lib/python3.10/site-packages/airflow/example_dags/plugins/event_listener.py
[2024-06-12T12:25:14.221+0000] {processor.py:183} INFO - Processing /home/airflow/.local/lib/python3.10/site-packages/airflow/example_dags/plugins/event_listener.py took 0.020 seconds
[2024-06-12T12:28:49.333+0000] {processor.py:161} INFO - Started process (PID=5733) to work on /home/airflow/.local/lib/python3.10/site-packages/airflow/example_dags/plugins/event_listener.py
[2024-06-12T12:28:49.334+0000] {processor.py:830} INFO - Processing file /home/airflow/.local/lib/python3.10/site-packages/airflow/example_dags/plugins/event_listener.py for tasks to queue
[2024-06-12T12:28:49.334+0000] {logging_mixin.py:188} INFO - [2024-06-12T12:28:49.334+0000] {dagbag.py:545} INFO - Filling up the DagBag from /home/airflow/.local/lib/python3.10/site-packages/airflow/example_dags/plugins/event_listener.py
[2024-06-12T12:28:49.336+0000] {processor.py:842} WARNING - No viable dags retrieved from /home/airflow/.local/lib/python3.10/site-packages/airflow/example_dags/plugins/event_listener.py
[2024-06-12T12:28:49.344+0000] {processor.py:183} INFO - Processing /home/airflow/.local/lib/python3.10/site-packages/airflow/example_dags/plugins/event_listener.py took 0.014 seconds
[2024-06-12T12:29:20.152+0000] {processor.py:161} INFO - Started process (PID=5791) to work on /home/airflow/.local/lib/python3.10/site-packages/airflow/example_dags/plugins/event_listener.py
[2024-06-12T12:29:20.153+0000] {processor.py:830} INFO - Processing file /home/airflow/.local/lib/python3.10/site-packages/airflow/example_dags/plugins/event_listener.py for tasks to queue
[2024-06-12T12:29:20.154+0000] {logging_mixin.py:188} INFO - [2024-06-12T12:29:20.153+0000] {dagbag.py:545} INFO - Filling up the DagBag from /home/airflow/.local/lib/python3.10/site-packages/airflow/example_dags/plugins/event_listener.py
[2024-06-12T12:29:20.155+0000] {processor.py:842} WARNING - No viable dags retrieved from /home/airflow/.local/lib/python3.10/site-packages/airflow/example_dags/plugins/event_listener.py
[2024-06-12T12:29:20.163+0000] {processor.py:183} INFO - Processing /home/airflow/.local/lib/python3.10/site-packages/airflow/example_dags/plugins/event_listener.py took 0.014 seconds
[2024-06-12T12:29:51.112+0000] {processor.py:161} INFO - Started process (PID=5849) to work on /home/airflow/.local/lib/python3.10/site-packages/airflow/example_dags/plugins/event_listener.py
[2024-06-12T12:29:51.114+0000] {processor.py:830} INFO - Processing file /home/airflow/.local/lib/python3.10/site-packages/airflow/example_dags/plugins/event_listener.py for tasks to queue
[2024-06-12T12:29:51.115+0000] {logging_mixin.py:188} INFO - [2024-06-12T12:29:51.114+0000] {dagbag.py:545} INFO - Filling up the DagBag from /home/airflow/.local/lib/python3.10/site-packages/airflow/example_dags/plugins/event_listener.py
[2024-06-12T12:29:51.116+0000] {processor.py:842} WARNING - No viable dags retrieved from /home/airflow/.local/lib/python3.10/site-packages/airflow/example_dags/plugins/event_listener.py
[2024-06-12T12:29:51.123+0000] {processor.py:183} INFO - Processing /home/airflow/.local/lib/python3.10/site-packages/airflow/example_dags/plugins/event_listener.py took 0.014 seconds
[2024-06-12T12:30:21.253+0000] {processor.py:161} INFO - Started process (PID=5908) to work on /home/airflow/.local/lib/python3.10/site-packages/airflow/example_dags/plugins/event_listener.py
[2024-06-12T12:30:21.254+0000] {processor.py:830} INFO - Processing file /home/airflow/.local/lib/python3.10/site-packages/airflow/example_dags/plugins/event_listener.py for tasks to queue
[2024-06-12T12:30:21.255+0000] {logging_mixin.py:188} INFO - [2024-06-12T12:30:21.255+0000] {dagbag.py:545} INFO - Filling up the DagBag from /home/airflow/.local/lib/python3.10/site-packages/airflow/example_dags/plugins/event_listener.py
[2024-06-12T12:30:21.256+0000] {processor.py:842} WARNING - No viable dags retrieved from /home/airflow/.local/lib/python3.10/site-packages/airflow/example_dags/plugins/event_listener.py
[2024-06-12T12:30:21.263+0000] {processor.py:183} INFO - Processing /home/airflow/.local/lib/python3.10/site-packages/airflow/example_dags/plugins/event_listener.py took 0.013 seconds
[2024-06-12T12:30:51.466+0000] {processor.py:161} INFO - Started process (PID=5967) to work on /home/airflow/.local/lib/python3.10/site-packages/airflow/example_dags/plugins/event_listener.py
[2024-06-12T12:30:51.467+0000] {processor.py:830} INFO - Processing file /home/airflow/.local/lib/python3.10/site-packages/airflow/example_dags/plugins/event_listener.py for tasks to queue
[2024-06-12T12:30:51.468+0000] {logging_mixin.py:188} INFO - [2024-06-12T12:30:51.468+0000] {dagbag.py:545} INFO - Filling up the DagBag from /home/airflow/.local/lib/python3.10/site-packages/airflow/example_dags/plugins/event_listener.py
[2024-06-12T12:30:51.470+0000] {processor.py:842} WARNING - No viable dags retrieved from /home/airflow/.local/lib/python3.10/site-packages/airflow/example_dags/plugins/event_listener.py
[2024-06-12T12:30:51.479+0000] {processor.py:183} INFO - Processing /home/airflow/.local/lib/python3.10/site-packages/airflow/example_dags/plugins/event_listener.py took 0.017 seconds
