[2024-06-26T12:57:45.325+0000] {processor.py:161} INFO - Started process (PID=1621) to work on /home/airflow/.local/lib/python3.10/site-packages/airflow/example_dags/example_setup_teardown.py
[2024-06-26T12:57:45.400+0000] {processor.py:830} INFO - Processing file /home/airflow/.local/lib/python3.10/site-packages/airflow/example_dags/example_setup_teardown.py for tasks to queue
[2024-06-26T12:57:45.425+0000] {logging_mixin.py:188} INFO - [2024-06-26T12:57:45.415+0000] {dagbag.py:545} INFO - Filling up the DagBag from /home/airflow/.local/lib/python3.10/site-packages/airflow/example_dags/example_setup_teardown.py
[2024-06-26T12:57:48.254+0000] {processor.py:840} INFO - DAG(s) 'example_setup_teardown' retrieved from /home/airflow/.local/lib/python3.10/site-packages/airflow/example_dags/example_setup_teardown.py
[2024-06-26T12:57:50.979+0000] {logging_mixin.py:188} INFO - [2024-06-26T12:57:50.885+0000] {dag.py:3096} INFO - Sync 1 DAGs
[2024-06-26T12:57:52.593+0000] {logging_mixin.py:188} INFO - [2024-06-26T12:57:52.446+0000] {dag.py:3954} INFO - Setting next_dagrun for example_setup_teardown to 2024-06-25 00:00:00+00:00, run_after=2024-06-26 00:00:00+00:00
[2024-06-26T12:57:54.866+0000] {processor.py:183} INFO - Processing /home/airflow/.local/lib/python3.10/site-packages/airflow/example_dags/example_setup_teardown.py took 10.717 seconds
[2024-06-26T13:03:23.049+0000] {processor.py:161} INFO - Started process (PID=1758) to work on /home/airflow/.local/lib/python3.10/site-packages/airflow/example_dags/example_setup_teardown.py
[2024-06-26T13:03:23.082+0000] {processor.py:830} INFO - Processing file /home/airflow/.local/lib/python3.10/site-packages/airflow/example_dags/example_setup_teardown.py for tasks to queue
[2024-06-26T13:03:23.110+0000] {logging_mixin.py:188} INFO - [2024-06-26T13:03:23.102+0000] {dagbag.py:545} INFO - Filling up the DagBag from /home/airflow/.local/lib/python3.10/site-packages/airflow/example_dags/example_setup_teardown.py
[2024-06-26T13:03:23.788+0000] {processor.py:840} INFO - DAG(s) 'example_setup_teardown' retrieved from /home/airflow/.local/lib/python3.10/site-packages/airflow/example_dags/example_setup_teardown.py
[2024-06-26T13:03:25.547+0000] {logging_mixin.py:188} INFO - [2024-06-26T13:03:25.497+0000] {dag.py:3096} INFO - Sync 1 DAGs
[2024-06-26T13:03:27.413+0000] {logging_mixin.py:188} INFO - [2024-06-26T13:03:27.200+0000] {dag.py:3954} INFO - Setting next_dagrun for example_setup_teardown to 2024-06-25 00:00:00+00:00, run_after=2024-06-26 00:00:00+00:00
[2024-06-26T13:03:31.017+0000] {processor.py:183} INFO - Processing /home/airflow/.local/lib/python3.10/site-packages/airflow/example_dags/example_setup_teardown.py took 8.312 seconds
[2024-06-26T13:11:55.859+0000] {processor.py:161} INFO - Started process (PID=1917) to work on /home/airflow/.local/lib/python3.10/site-packages/airflow/example_dags/example_setup_teardown.py
[2024-06-26T13:11:55.870+0000] {processor.py:830} INFO - Processing file /home/airflow/.local/lib/python3.10/site-packages/airflow/example_dags/example_setup_teardown.py for tasks to queue
[2024-06-26T13:11:55.880+0000] {logging_mixin.py:188} INFO - [2024-06-26T13:11:55.878+0000] {dagbag.py:545} INFO - Filling up the DagBag from /home/airflow/.local/lib/python3.10/site-packages/airflow/example_dags/example_setup_teardown.py
[2024-06-26T13:11:56.059+0000] {processor.py:840} INFO - DAG(s) 'example_setup_teardown' retrieved from /home/airflow/.local/lib/python3.10/site-packages/airflow/example_dags/example_setup_teardown.py
[2024-06-26T13:11:56.472+0000] {logging_mixin.py:188} INFO - [2024-06-26T13:11:56.462+0000] {dag.py:3096} INFO - Sync 1 DAGs
[2024-06-26T13:11:56.768+0000] {logging_mixin.py:188} INFO - [2024-06-26T13:11:56.763+0000] {dag.py:3954} INFO - Setting next_dagrun for example_setup_teardown to 2024-06-25 00:00:00+00:00, run_after=2024-06-26 00:00:00+00:00
[2024-06-26T13:11:56.989+0000] {processor.py:183} INFO - Processing /home/airflow/.local/lib/python3.10/site-packages/airflow/example_dags/example_setup_teardown.py took 1.231 seconds
[2024-06-26T13:16:41.008+0000] {processor.py:161} INFO - Started process (PID=2044) to work on /home/airflow/.local/lib/python3.10/site-packages/airflow/example_dags/example_setup_teardown.py
[2024-06-26T13:16:41.022+0000] {processor.py:830} INFO - Processing file /home/airflow/.local/lib/python3.10/site-packages/airflow/example_dags/example_setup_teardown.py for tasks to queue
[2024-06-26T13:16:41.034+0000] {logging_mixin.py:188} INFO - [2024-06-26T13:16:41.029+0000] {dagbag.py:545} INFO - Filling up the DagBag from /home/airflow/.local/lib/python3.10/site-packages/airflow/example_dags/example_setup_teardown.py
[2024-06-26T13:16:42.984+0000] {processor.py:840} INFO - DAG(s) 'example_setup_teardown' retrieved from /home/airflow/.local/lib/python3.10/site-packages/airflow/example_dags/example_setup_teardown.py
[2024-06-26T13:16:46.317+0000] {logging_mixin.py:188} INFO - [2024-06-26T13:16:46.265+0000] {dag.py:3096} INFO - Sync 1 DAGs
[2024-06-26T13:16:48.017+0000] {logging_mixin.py:188} INFO - [2024-06-26T13:16:48.004+0000] {dag.py:3954} INFO - Setting next_dagrun for example_setup_teardown to 2024-06-25 00:00:00+00:00, run_after=2024-06-26 00:00:00+00:00
[2024-06-26T13:16:50.271+0000] {processor.py:183} INFO - Processing /home/airflow/.local/lib/python3.10/site-packages/airflow/example_dags/example_setup_teardown.py took 10.385 seconds
[2024-06-26T13:31:08.555+0000] {processor.py:161} INFO - Started process (PID=2253) to work on /home/airflow/.local/lib/python3.10/site-packages/airflow/example_dags/example_setup_teardown.py
[2024-06-26T13:31:08.597+0000] {processor.py:830} INFO - Processing file /home/airflow/.local/lib/python3.10/site-packages/airflow/example_dags/example_setup_teardown.py for tasks to queue
[2024-06-26T13:31:08.643+0000] {logging_mixin.py:188} INFO - [2024-06-26T13:31:08.621+0000] {dagbag.py:545} INFO - Filling up the DagBag from /home/airflow/.local/lib/python3.10/site-packages/airflow/example_dags/example_setup_teardown.py
[2024-06-26T13:31:09.505+0000] {processor.py:840} INFO - DAG(s) 'example_setup_teardown' retrieved from /home/airflow/.local/lib/python3.10/site-packages/airflow/example_dags/example_setup_teardown.py
[2024-06-26T13:31:11.091+0000] {logging_mixin.py:188} INFO - [2024-06-26T13:31:11.087+0000] {dag.py:3096} INFO - Sync 1 DAGs
[2024-06-26T13:31:11.467+0000] {logging_mixin.py:188} INFO - [2024-06-26T13:31:11.457+0000] {dag.py:3954} INFO - Setting next_dagrun for example_setup_teardown to 2024-06-25 00:00:00+00:00, run_after=2024-06-26 00:00:00+00:00
[2024-06-26T13:31:11.670+0000] {processor.py:183} INFO - Processing /home/airflow/.local/lib/python3.10/site-packages/airflow/example_dags/example_setup_teardown.py took 3.441 seconds
