[2024-06-26T12:57:56.138+0000] {processor.py:161} INFO - Started process (PID=1622) to work on /home/airflow/.local/lib/python3.10/site-packages/airflow/example_dags/example_branch_python_dop_operator_3.py
[2024-06-26T12:57:56.317+0000] {processor.py:830} INFO - Processing file /home/airflow/.local/lib/python3.10/site-packages/airflow/example_dags/example_branch_python_dop_operator_3.py for tasks to queue
[2024-06-26T12:57:56.418+0000] {logging_mixin.py:188} INFO - [2024-06-26T12:57:56.409+0000] {dagbag.py:545} INFO - Filling up the DagBag from /home/airflow/.local/lib/python3.10/site-packages/airflow/example_dags/example_branch_python_dop_operator_3.py
[2024-06-26T12:57:57.523+0000] {processor.py:840} INFO - DAG(s) 'example_branch_dop_operator_v3' retrieved from /home/airflow/.local/lib/python3.10/site-packages/airflow/example_dags/example_branch_python_dop_operator_3.py
[2024-06-26T12:58:02.651+0000] {logging_mixin.py:188} INFO - [2024-06-26T12:58:02.472+0000] {dag.py:3096} INFO - Sync 1 DAGs
[2024-06-26T12:58:18.891+0000] {logging_mixin.py:188} INFO - [2024-06-26T12:58:18.873+0000] {dag.py:3954} INFO - Setting next_dagrun for example_branch_dop_operator_v3 to 2024-06-26 12:57:00+00:00, run_after=2024-06-26 12:58:00+00:00
[2024-06-26T12:58:30.822+0000] {processor.py:183} INFO - Processing /home/airflow/.local/lib/python3.10/site-packages/airflow/example_dags/example_branch_python_dop_operator_3.py took 36.001 seconds
[2024-06-26T13:03:29.749+0000] {processor.py:161} INFO - Started process (PID=1759) to work on /home/airflow/.local/lib/python3.10/site-packages/airflow/example_dags/example_branch_python_dop_operator_3.py
[2024-06-26T13:03:29.809+0000] {processor.py:830} INFO - Processing file /home/airflow/.local/lib/python3.10/site-packages/airflow/example_dags/example_branch_python_dop_operator_3.py for tasks to queue
[2024-06-26T13:03:29.912+0000] {logging_mixin.py:188} INFO - [2024-06-26T13:03:29.839+0000] {dagbag.py:545} INFO - Filling up the DagBag from /home/airflow/.local/lib/python3.10/site-packages/airflow/example_dags/example_branch_python_dop_operator_3.py
[2024-06-26T13:03:31.117+0000] {processor.py:840} INFO - DAG(s) 'example_branch_dop_operator_v3' retrieved from /home/airflow/.local/lib/python3.10/site-packages/airflow/example_dags/example_branch_python_dop_operator_3.py
[2024-06-26T13:03:34.851+0000] {logging_mixin.py:188} INFO - [2024-06-26T13:03:34.410+0000] {dag.py:3096} INFO - Sync 1 DAGs
[2024-06-26T13:03:45.327+0000] {logging_mixin.py:188} INFO - [2024-06-26T13:03:45.189+0000] {dag.py:3954} INFO - Setting next_dagrun for example_branch_dop_operator_v3 to 2024-06-26 13:02:00+00:00, run_after=2024-06-26 13:03:00+00:00
[2024-06-26T13:03:47.347+0000] {processor.py:183} INFO - Processing /home/airflow/.local/lib/python3.10/site-packages/airflow/example_dags/example_branch_python_dop_operator_3.py took 18.025 seconds
[2024-06-26T13:11:56.342+0000] {processor.py:161} INFO - Started process (PID=1918) to work on /home/airflow/.local/lib/python3.10/site-packages/airflow/example_dags/example_branch_python_dop_operator_3.py
[2024-06-26T13:11:56.372+0000] {processor.py:830} INFO - Processing file /home/airflow/.local/lib/python3.10/site-packages/airflow/example_dags/example_branch_python_dop_operator_3.py for tasks to queue
[2024-06-26T13:11:56.397+0000] {logging_mixin.py:188} INFO - [2024-06-26T13:11:56.385+0000] {dagbag.py:545} INFO - Filling up the DagBag from /home/airflow/.local/lib/python3.10/site-packages/airflow/example_dags/example_branch_python_dop_operator_3.py
[2024-06-26T13:11:56.803+0000] {processor.py:840} INFO - DAG(s) 'example_branch_dop_operator_v3' retrieved from /home/airflow/.local/lib/python3.10/site-packages/airflow/example_dags/example_branch_python_dop_operator_3.py
[2024-06-26T13:11:57.503+0000] {logging_mixin.py:188} INFO - [2024-06-26T13:11:57.496+0000] {dag.py:3096} INFO - Sync 1 DAGs
[2024-06-26T13:11:58.115+0000] {logging_mixin.py:188} INFO - [2024-06-26T13:11:58.083+0000] {dag.py:3954} INFO - Setting next_dagrun for example_branch_dop_operator_v3 to 2024-06-26 13:10:00+00:00, run_after=2024-06-26 13:11:00+00:00
[2024-06-26T13:11:59.527+0000] {processor.py:183} INFO - Processing /home/airflow/.local/lib/python3.10/site-packages/airflow/example_dags/example_branch_python_dop_operator_3.py took 3.394 seconds
[2024-06-26T13:16:41.209+0000] {processor.py:161} INFO - Started process (PID=2045) to work on /home/airflow/.local/lib/python3.10/site-packages/airflow/example_dags/example_branch_python_dop_operator_3.py
[2024-06-26T13:16:41.250+0000] {processor.py:830} INFO - Processing file /home/airflow/.local/lib/python3.10/site-packages/airflow/example_dags/example_branch_python_dop_operator_3.py for tasks to queue
[2024-06-26T13:16:41.292+0000] {logging_mixin.py:188} INFO - [2024-06-26T13:16:41.290+0000] {dagbag.py:545} INFO - Filling up the DagBag from /home/airflow/.local/lib/python3.10/site-packages/airflow/example_dags/example_branch_python_dop_operator_3.py
[2024-06-26T13:16:42.945+0000] {processor.py:840} INFO - DAG(s) 'example_branch_dop_operator_v3' retrieved from /home/airflow/.local/lib/python3.10/site-packages/airflow/example_dags/example_branch_python_dop_operator_3.py
[2024-06-26T13:16:46.301+0000] {logging_mixin.py:188} INFO - [2024-06-26T13:16:46.268+0000] {dag.py:3096} INFO - Sync 1 DAGs
[2024-06-26T13:16:48.056+0000] {logging_mixin.py:188} INFO - [2024-06-26T13:16:48.041+0000] {dag.py:3954} INFO - Setting next_dagrun for example_branch_dop_operator_v3 to 2024-06-26 13:15:00+00:00, run_after=2024-06-26 13:16:00+00:00
[2024-06-26T13:16:50.142+0000] {processor.py:183} INFO - Processing /home/airflow/.local/lib/python3.10/site-packages/airflow/example_dags/example_branch_python_dop_operator_3.py took 9.144 seconds
[2024-06-26T13:31:09.834+0000] {processor.py:161} INFO - Started process (PID=2254) to work on /home/airflow/.local/lib/python3.10/site-packages/airflow/example_dags/example_branch_python_dop_operator_3.py
[2024-06-26T13:31:09.860+0000] {processor.py:830} INFO - Processing file /home/airflow/.local/lib/python3.10/site-packages/airflow/example_dags/example_branch_python_dop_operator_3.py for tasks to queue
[2024-06-26T13:31:09.877+0000] {logging_mixin.py:188} INFO - [2024-06-26T13:31:09.868+0000] {dagbag.py:545} INFO - Filling up the DagBag from /home/airflow/.local/lib/python3.10/site-packages/airflow/example_dags/example_branch_python_dop_operator_3.py
[2024-06-26T13:31:11.405+0000] {processor.py:840} INFO - DAG(s) 'example_branch_dop_operator_v3' retrieved from /home/airflow/.local/lib/python3.10/site-packages/airflow/example_dags/example_branch_python_dop_operator_3.py
[2024-06-26T13:31:11.773+0000] {logging_mixin.py:188} INFO - [2024-06-26T13:31:11.771+0000] {dag.py:3096} INFO - Sync 1 DAGs
[2024-06-26T13:31:12.137+0000] {logging_mixin.py:188} INFO - [2024-06-26T13:31:12.091+0000] {dag.py:3954} INFO - Setting next_dagrun for example_branch_dop_operator_v3 to 2024-06-26 13:30:00+00:00, run_after=2024-06-26 13:31:00+00:00
[2024-06-26T13:31:12.625+0000] {processor.py:183} INFO - Processing /home/airflow/.local/lib/python3.10/site-packages/airflow/example_dags/example_branch_python_dop_operator_3.py took 3.926 seconds
