[2024-06-26T12:57:12.271+0000] {processor.py:161} INFO - Started process (PID=1609) to work on /home/airflow/.local/lib/python3.10/site-packages/airflow/example_dags/example_time_delta_sensor_async.py
[2024-06-26T12:57:12.345+0000] {processor.py:830} INFO - Processing file /home/airflow/.local/lib/python3.10/site-packages/airflow/example_dags/example_time_delta_sensor_async.py for tasks to queue
[2024-06-26T12:57:12.476+0000] {logging_mixin.py:188} INFO - [2024-06-26T12:57:12.426+0000] {dagbag.py:545} INFO - Filling up the DagBag from /home/airflow/.local/lib/python3.10/site-packages/airflow/example_dags/example_time_delta_sensor_async.py
[2024-06-26T12:57:13.065+0000] {processor.py:840} INFO - DAG(s) 'example_time_delta_sensor_async' retrieved from /home/airflow/.local/lib/python3.10/site-packages/airflow/example_dags/example_time_delta_sensor_async.py
[2024-06-26T12:57:17.856+0000] {logging_mixin.py:188} INFO - [2024-06-26T12:57:17.798+0000] {dag.py:3096} INFO - Sync 1 DAGs
[2024-06-26T12:57:18.527+0000] {logging_mixin.py:188} INFO - [2024-06-26T12:57:18.483+0000] {dag.py:3954} INFO - Setting next_dagrun for example_time_delta_sensor_async to None, run_after=None
[2024-06-26T12:57:18.959+0000] {processor.py:183} INFO - Processing /home/airflow/.local/lib/python3.10/site-packages/airflow/example_dags/example_time_delta_sensor_async.py took 7.363 seconds
[2024-06-26T13:01:11.525+0000] {processor.py:161} INFO - Started process (PID=1689) to work on /home/airflow/.local/lib/python3.10/site-packages/airflow/example_dags/example_time_delta_sensor_async.py
[2024-06-26T13:01:11.532+0000] {processor.py:830} INFO - Processing file /home/airflow/.local/lib/python3.10/site-packages/airflow/example_dags/example_time_delta_sensor_async.py for tasks to queue
[2024-06-26T13:01:11.542+0000] {logging_mixin.py:188} INFO - [2024-06-26T13:01:11.537+0000] {dagbag.py:545} INFO - Filling up the DagBag from /home/airflow/.local/lib/python3.10/site-packages/airflow/example_dags/example_time_delta_sensor_async.py
[2024-06-26T13:01:11.761+0000] {processor.py:840} INFO - DAG(s) 'example_time_delta_sensor_async' retrieved from /home/airflow/.local/lib/python3.10/site-packages/airflow/example_dags/example_time_delta_sensor_async.py
[2024-06-26T13:01:12.467+0000] {logging_mixin.py:188} INFO - [2024-06-26T13:01:12.459+0000] {dag.py:3096} INFO - Sync 1 DAGs
[2024-06-26T13:01:12.671+0000] {logging_mixin.py:188} INFO - [2024-06-26T13:01:12.663+0000] {dag.py:3954} INFO - Setting next_dagrun for example_time_delta_sensor_async to None, run_after=None
[2024-06-26T13:01:13.321+0000] {processor.py:183} INFO - Processing /home/airflow/.local/lib/python3.10/site-packages/airflow/example_dags/example_time_delta_sensor_async.py took 1.946 seconds
[2024-06-26T13:07:09.378+0000] {processor.py:161} INFO - Started process (PID=1830) to work on /home/airflow/.local/lib/python3.10/site-packages/airflow/example_dags/example_time_delta_sensor_async.py
[2024-06-26T13:07:09.405+0000] {processor.py:830} INFO - Processing file /home/airflow/.local/lib/python3.10/site-packages/airflow/example_dags/example_time_delta_sensor_async.py for tasks to queue
[2024-06-26T13:07:09.431+0000] {logging_mixin.py:188} INFO - [2024-06-26T13:07:09.416+0000] {dagbag.py:545} INFO - Filling up the DagBag from /home/airflow/.local/lib/python3.10/site-packages/airflow/example_dags/example_time_delta_sensor_async.py
[2024-06-26T13:07:09.702+0000] {processor.py:840} INFO - DAG(s) 'example_time_delta_sensor_async' retrieved from /home/airflow/.local/lib/python3.10/site-packages/airflow/example_dags/example_time_delta_sensor_async.py
[2024-06-26T13:07:11.826+0000] {logging_mixin.py:188} INFO - [2024-06-26T13:07:11.705+0000] {dag.py:3096} INFO - Sync 1 DAGs
[2024-06-26T13:07:12.577+0000] {logging_mixin.py:188} INFO - [2024-06-26T13:07:12.358+0000] {dag.py:3954} INFO - Setting next_dagrun for example_time_delta_sensor_async to None, run_after=None
[2024-06-26T13:07:14.620+0000] {processor.py:183} INFO - Processing /home/airflow/.local/lib/python3.10/site-packages/airflow/example_dags/example_time_delta_sensor_async.py took 5.526 seconds
[2024-06-26T13:14:16.817+0000] {processor.py:161} INFO - Started process (PID=1975) to work on /home/airflow/.local/lib/python3.10/site-packages/airflow/example_dags/example_time_delta_sensor_async.py
[2024-06-26T13:14:16.874+0000] {processor.py:830} INFO - Processing file /home/airflow/.local/lib/python3.10/site-packages/airflow/example_dags/example_time_delta_sensor_async.py for tasks to queue
[2024-06-26T13:14:16.883+0000] {logging_mixin.py:188} INFO - [2024-06-26T13:14:16.882+0000] {dagbag.py:545} INFO - Filling up the DagBag from /home/airflow/.local/lib/python3.10/site-packages/airflow/example_dags/example_time_delta_sensor_async.py
[2024-06-26T13:14:17.277+0000] {processor.py:840} INFO - DAG(s) 'example_time_delta_sensor_async' retrieved from /home/airflow/.local/lib/python3.10/site-packages/airflow/example_dags/example_time_delta_sensor_async.py
[2024-06-26T13:14:18.627+0000] {logging_mixin.py:188} INFO - [2024-06-26T13:14:18.614+0000] {dag.py:3096} INFO - Sync 1 DAGs
[2024-06-26T13:14:18.909+0000] {logging_mixin.py:188} INFO - [2024-06-26T13:14:18.907+0000] {dag.py:3954} INFO - Setting next_dagrun for example_time_delta_sensor_async to None, run_after=None
[2024-06-26T13:14:19.366+0000] {processor.py:183} INFO - Processing /home/airflow/.local/lib/python3.10/site-packages/airflow/example_dags/example_time_delta_sensor_async.py took 2.810 seconds
[2024-06-26T13:24:20.748+0000] {processor.py:161} INFO - Started process (PID=2143) to work on /home/airflow/.local/lib/python3.10/site-packages/airflow/example_dags/example_time_delta_sensor_async.py
[2024-06-26T13:24:20.815+0000] {processor.py:830} INFO - Processing file /home/airflow/.local/lib/python3.10/site-packages/airflow/example_dags/example_time_delta_sensor_async.py for tasks to queue
[2024-06-26T13:24:20.862+0000] {logging_mixin.py:188} INFO - [2024-06-26T13:24:20.853+0000] {dagbag.py:545} INFO - Filling up the DagBag from /home/airflow/.local/lib/python3.10/site-packages/airflow/example_dags/example_time_delta_sensor_async.py
[2024-06-26T13:24:21.901+0000] {processor.py:840} INFO - DAG(s) 'example_time_delta_sensor_async' retrieved from /home/airflow/.local/lib/python3.10/site-packages/airflow/example_dags/example_time_delta_sensor_async.py
[2024-06-26T13:24:26.784+0000] {logging_mixin.py:188} INFO - [2024-06-26T13:24:26.616+0000] {dag.py:3096} INFO - Sync 1 DAGs
[2024-06-26T13:24:44.369+0000] {logging_mixin.py:188} INFO - [2024-06-26T13:24:43.486+0000] {dag.py:3954} INFO - Setting next_dagrun for example_time_delta_sensor_async to None, run_after=None
[2024-06-26T13:24:54.431+0000] {processor.py:183} INFO - Processing /home/airflow/.local/lib/python3.10/site-packages/airflow/example_dags/example_time_delta_sensor_async.py took 34.009 seconds
