[2024-06-26T12:57:35.756+0000] {processor.py:161} INFO - Started process (PID=1612) to work on /home/airflow/.local/lib/python3.10/site-packages/airflow/example_dags/example_latest_only.py
[2024-06-26T12:57:35.949+0000] {processor.py:830} INFO - Processing file /home/airflow/.local/lib/python3.10/site-packages/airflow/example_dags/example_latest_only.py for tasks to queue
[2024-06-26T12:57:36.105+0000] {logging_mixin.py:188} INFO - [2024-06-26T12:57:36.100+0000] {dagbag.py:545} INFO - Filling up the DagBag from /home/airflow/.local/lib/python3.10/site-packages/airflow/example_dags/example_latest_only.py
[2024-06-26T12:57:36.607+0000] {processor.py:840} INFO - DAG(s) 'latest_only' retrieved from /home/airflow/.local/lib/python3.10/site-packages/airflow/example_dags/example_latest_only.py
[2024-06-26T12:57:38.035+0000] {logging_mixin.py:188} INFO - [2024-06-26T12:57:37.989+0000] {dag.py:3096} INFO - Sync 1 DAGs
[2024-06-26T12:57:39.058+0000] {logging_mixin.py:188} INFO - [2024-06-26T12:57:39.029+0000] {dag.py:3954} INFO - Setting next_dagrun for latest_only to 2024-06-26 08:00:00+00:00, run_after=2024-06-26 12:00:00+00:00
[2024-06-26T12:57:41.992+0000] {processor.py:183} INFO - Processing /home/airflow/.local/lib/python3.10/site-packages/airflow/example_dags/example_latest_only.py took 7.035 seconds
[2024-06-26T13:03:08.593+0000] {processor.py:161} INFO - Started process (PID=1749) to work on /home/airflow/.local/lib/python3.10/site-packages/airflow/example_dags/example_latest_only.py
[2024-06-26T13:03:08.655+0000] {processor.py:830} INFO - Processing file /home/airflow/.local/lib/python3.10/site-packages/airflow/example_dags/example_latest_only.py for tasks to queue
[2024-06-26T13:03:08.693+0000] {logging_mixin.py:188} INFO - [2024-06-26T13:03:08.680+0000] {dagbag.py:545} INFO - Filling up the DagBag from /home/airflow/.local/lib/python3.10/site-packages/airflow/example_dags/example_latest_only.py
[2024-06-26T13:03:10.328+0000] {processor.py:840} INFO - DAG(s) 'latest_only' retrieved from /home/airflow/.local/lib/python3.10/site-packages/airflow/example_dags/example_latest_only.py
[2024-06-26T13:03:13.841+0000] {logging_mixin.py:188} INFO - [2024-06-26T13:03:13.706+0000] {dag.py:3096} INFO - Sync 1 DAGs
[2024-06-26T13:03:17.001+0000] {logging_mixin.py:188} INFO - [2024-06-26T13:03:16.957+0000] {dag.py:3954} INFO - Setting next_dagrun for latest_only to 2024-06-26 08:00:00+00:00, run_after=2024-06-26 12:00:00+00:00
[2024-06-26T13:03:21.826+0000] {processor.py:183} INFO - Processing /home/airflow/.local/lib/python3.10/site-packages/airflow/example_dags/example_latest_only.py took 14.160 seconds
[2024-06-26T13:11:48.825+0000] {processor.py:161} INFO - Started process (PID=1908) to work on /home/airflow/.local/lib/python3.10/site-packages/airflow/example_dags/example_latest_only.py
[2024-06-26T13:11:48.913+0000] {processor.py:830} INFO - Processing file /home/airflow/.local/lib/python3.10/site-packages/airflow/example_dags/example_latest_only.py for tasks to queue
[2024-06-26T13:11:48.968+0000] {logging_mixin.py:188} INFO - [2024-06-26T13:11:48.934+0000] {dagbag.py:545} INFO - Filling up the DagBag from /home/airflow/.local/lib/python3.10/site-packages/airflow/example_dags/example_latest_only.py
[2024-06-26T13:11:49.484+0000] {processor.py:840} INFO - DAG(s) 'latest_only' retrieved from /home/airflow/.local/lib/python3.10/site-packages/airflow/example_dags/example_latest_only.py
[2024-06-26T13:11:49.938+0000] {logging_mixin.py:188} INFO - [2024-06-26T13:11:49.936+0000] {dag.py:3096} INFO - Sync 1 DAGs
[2024-06-26T13:11:50.744+0000] {logging_mixin.py:188} INFO - [2024-06-26T13:11:50.709+0000] {dag.py:3954} INFO - Setting next_dagrun for latest_only to 2024-06-26 08:00:00+00:00, run_after=2024-06-26 12:00:00+00:00
[2024-06-26T13:11:51.230+0000] {processor.py:183} INFO - Processing /home/airflow/.local/lib/python3.10/site-packages/airflow/example_dags/example_latest_only.py took 3.140 seconds
[2024-06-26T13:16:21.673+0000] {processor.py:161} INFO - Started process (PID=2035) to work on /home/airflow/.local/lib/python3.10/site-packages/airflow/example_dags/example_latest_only.py
[2024-06-26T13:16:21.762+0000] {processor.py:830} INFO - Processing file /home/airflow/.local/lib/python3.10/site-packages/airflow/example_dags/example_latest_only.py for tasks to queue
[2024-06-26T13:16:21.791+0000] {logging_mixin.py:188} INFO - [2024-06-26T13:16:21.775+0000] {dagbag.py:545} INFO - Filling up the DagBag from /home/airflow/.local/lib/python3.10/site-packages/airflow/example_dags/example_latest_only.py
[2024-06-26T13:16:23.039+0000] {processor.py:840} INFO - DAG(s) 'latest_only' retrieved from /home/airflow/.local/lib/python3.10/site-packages/airflow/example_dags/example_latest_only.py
[2024-06-26T13:16:25.509+0000] {logging_mixin.py:188} INFO - [2024-06-26T13:16:25.495+0000] {dag.py:3096} INFO - Sync 1 DAGs
[2024-06-26T13:16:28.312+0000] {logging_mixin.py:188} INFO - [2024-06-26T13:16:28.303+0000] {dag.py:3954} INFO - Setting next_dagrun for latest_only to 2024-06-26 08:00:00+00:00, run_after=2024-06-26 12:00:00+00:00
[2024-06-26T13:16:29.306+0000] {processor.py:183} INFO - Processing /home/airflow/.local/lib/python3.10/site-packages/airflow/example_dags/example_latest_only.py took 8.119 seconds
[2024-06-26T13:30:59.852+0000] {processor.py:161} INFO - Started process (PID=2250) to work on /home/airflow/.local/lib/python3.10/site-packages/airflow/example_dags/example_latest_only.py
[2024-06-26T13:30:59.957+0000] {processor.py:830} INFO - Processing file /home/airflow/.local/lib/python3.10/site-packages/airflow/example_dags/example_latest_only.py for tasks to queue
[2024-06-26T13:31:00.020+0000] {logging_mixin.py:188} INFO - [2024-06-26T13:30:59.992+0000] {dagbag.py:545} INFO - Filling up the DagBag from /home/airflow/.local/lib/python3.10/site-packages/airflow/example_dags/example_latest_only.py
[2024-06-26T13:31:00.656+0000] {processor.py:840} INFO - DAG(s) 'latest_only' retrieved from /home/airflow/.local/lib/python3.10/site-packages/airflow/example_dags/example_latest_only.py
[2024-06-26T13:31:01.919+0000] {logging_mixin.py:188} INFO - [2024-06-26T13:31:01.912+0000] {dag.py:3096} INFO - Sync 1 DAGs
[2024-06-26T13:31:03.718+0000] {logging_mixin.py:188} INFO - [2024-06-26T13:31:03.691+0000] {dag.py:3954} INFO - Setting next_dagrun for latest_only to 2024-06-26 08:00:00+00:00, run_after=2024-06-26 12:00:00+00:00
[2024-06-26T13:31:04.175+0000] {processor.py:183} INFO - Processing /home/airflow/.local/lib/python3.10/site-packages/airflow/example_dags/example_latest_only.py took 4.849 seconds
