[2024-06-26T12:57:19.584+0000] {processor.py:161} INFO - Started process (PID=1610) to work on /home/airflow/.local/lib/python3.10/site-packages/airflow/example_dags/example_task_group.py
[2024-06-26T12:57:19.617+0000] {processor.py:830} INFO - Processing file /home/airflow/.local/lib/python3.10/site-packages/airflow/example_dags/example_task_group.py for tasks to queue
[2024-06-26T12:57:19.643+0000] {logging_mixin.py:188} INFO - [2024-06-26T12:57:19.631+0000] {dagbag.py:545} INFO - Filling up the DagBag from /home/airflow/.local/lib/python3.10/site-packages/airflow/example_dags/example_task_group.py
[2024-06-26T12:57:20.031+0000] {processor.py:840} INFO - DAG(s) 'example_task_group' retrieved from /home/airflow/.local/lib/python3.10/site-packages/airflow/example_dags/example_task_group.py
[2024-06-26T12:57:21.442+0000] {logging_mixin.py:188} INFO - [2024-06-26T12:57:21.410+0000] {dag.py:3096} INFO - Sync 1 DAGs
[2024-06-26T12:57:24.022+0000] {logging_mixin.py:188} INFO - [2024-06-26T12:57:23.408+0000] {dag.py:3954} INFO - Setting next_dagrun for example_task_group to 2024-06-25 00:00:00+00:00, run_after=2024-06-26 00:00:00+00:00
[2024-06-26T12:57:33.432+0000] {processor.py:183} INFO - Processing /home/airflow/.local/lib/python3.10/site-packages/airflow/example_dags/example_task_group.py took 14.035 seconds
[2024-06-26T13:02:57.855+0000] {processor.py:161} INFO - Started process (PID=1747) to work on /home/airflow/.local/lib/python3.10/site-packages/airflow/example_dags/example_task_group.py
[2024-06-26T13:02:57.877+0000] {processor.py:830} INFO - Processing file /home/airflow/.local/lib/python3.10/site-packages/airflow/example_dags/example_task_group.py for tasks to queue
[2024-06-26T13:02:57.900+0000] {logging_mixin.py:188} INFO - [2024-06-26T13:02:57.893+0000] {dagbag.py:545} INFO - Filling up the DagBag from /home/airflow/.local/lib/python3.10/site-packages/airflow/example_dags/example_task_group.py
[2024-06-26T13:02:58.445+0000] {processor.py:840} INFO - DAG(s) 'example_task_group' retrieved from /home/airflow/.local/lib/python3.10/site-packages/airflow/example_dags/example_task_group.py
[2024-06-26T13:03:01.177+0000] {logging_mixin.py:188} INFO - [2024-06-26T13:03:01.133+0000] {dag.py:3096} INFO - Sync 1 DAGs
[2024-06-26T13:03:04.423+0000] {logging_mixin.py:188} INFO - [2024-06-26T13:03:04.346+0000] {dag.py:3954} INFO - Setting next_dagrun for example_task_group to 2024-06-25 00:00:00+00:00, run_after=2024-06-26 00:00:00+00:00
[2024-06-26T13:03:05.848+0000] {processor.py:183} INFO - Processing /home/airflow/.local/lib/python3.10/site-packages/airflow/example_dags/example_task_group.py took 8.274 seconds
[2024-06-26T13:11:45.170+0000] {processor.py:161} INFO - Started process (PID=1906) to work on /home/airflow/.local/lib/python3.10/site-packages/airflow/example_dags/example_task_group.py
[2024-06-26T13:11:45.191+0000] {processor.py:830} INFO - Processing file /home/airflow/.local/lib/python3.10/site-packages/airflow/example_dags/example_task_group.py for tasks to queue
[2024-06-26T13:11:45.206+0000] {logging_mixin.py:188} INFO - [2024-06-26T13:11:45.200+0000] {dagbag.py:545} INFO - Filling up the DagBag from /home/airflow/.local/lib/python3.10/site-packages/airflow/example_dags/example_task_group.py
[2024-06-26T13:11:45.309+0000] {processor.py:840} INFO - DAG(s) 'example_task_group' retrieved from /home/airflow/.local/lib/python3.10/site-packages/airflow/example_dags/example_task_group.py
[2024-06-26T13:11:45.672+0000] {logging_mixin.py:188} INFO - [2024-06-26T13:11:45.656+0000] {dag.py:3096} INFO - Sync 1 DAGs
[2024-06-26T13:11:46.876+0000] {logging_mixin.py:188} INFO - [2024-06-26T13:11:46.784+0000] {dag.py:3954} INFO - Setting next_dagrun for example_task_group to 2024-06-25 00:00:00+00:00, run_after=2024-06-26 00:00:00+00:00
[2024-06-26T13:11:47.589+0000] {processor.py:183} INFO - Processing /home/airflow/.local/lib/python3.10/site-packages/airflow/example_dags/example_task_group.py took 2.536 seconds
[2024-06-26T13:16:16.734+0000] {processor.py:161} INFO - Started process (PID=2033) to work on /home/airflow/.local/lib/python3.10/site-packages/airflow/example_dags/example_task_group.py
[2024-06-26T13:16:16.792+0000] {processor.py:830} INFO - Processing file /home/airflow/.local/lib/python3.10/site-packages/airflow/example_dags/example_task_group.py for tasks to queue
[2024-06-26T13:16:16.835+0000] {logging_mixin.py:188} INFO - [2024-06-26T13:16:16.820+0000] {dagbag.py:545} INFO - Filling up the DagBag from /home/airflow/.local/lib/python3.10/site-packages/airflow/example_dags/example_task_group.py
[2024-06-26T13:16:17.374+0000] {processor.py:840} INFO - DAG(s) 'example_task_group' retrieved from /home/airflow/.local/lib/python3.10/site-packages/airflow/example_dags/example_task_group.py
[2024-06-26T13:16:17.945+0000] {logging_mixin.py:188} INFO - [2024-06-26T13:16:17.934+0000] {dag.py:3096} INFO - Sync 1 DAGs
[2024-06-26T13:16:18.483+0000] {logging_mixin.py:188} INFO - [2024-06-26T13:16:18.434+0000] {dag.py:3954} INFO - Setting next_dagrun for example_task_group to 2024-06-25 00:00:00+00:00, run_after=2024-06-26 00:00:00+00:00
[2024-06-26T13:16:19.759+0000] {processor.py:183} INFO - Processing /home/airflow/.local/lib/python3.10/site-packages/airflow/example_dags/example_task_group.py took 3.134 seconds
[2024-06-26T13:24:20.740+0000] {processor.py:161} INFO - Started process (PID=2144) to work on /home/airflow/.local/lib/python3.10/site-packages/airflow/example_dags/example_task_group.py
[2024-06-26T13:24:20.811+0000] {processor.py:830} INFO - Processing file /home/airflow/.local/lib/python3.10/site-packages/airflow/example_dags/example_task_group.py for tasks to queue
[2024-06-26T13:24:20.862+0000] {logging_mixin.py:188} INFO - [2024-06-26T13:24:20.852+0000] {dagbag.py:545} INFO - Filling up the DagBag from /home/airflow/.local/lib/python3.10/site-packages/airflow/example_dags/example_task_group.py
[2024-06-26T13:24:22.386+0000] {processor.py:840} INFO - DAG(s) 'example_task_group' retrieved from /home/airflow/.local/lib/python3.10/site-packages/airflow/example_dags/example_task_group.py
[2024-06-26T13:24:26.783+0000] {logging_mixin.py:188} INFO - [2024-06-26T13:24:26.612+0000] {dag.py:3096} INFO - Sync 1 DAGs
[2024-06-26T13:24:47.171+0000] {logging_mixin.py:188} INFO - [2024-06-26T13:24:46.780+0000] {dag.py:3954} INFO - Setting next_dagrun for example_task_group to 2024-06-25 00:00:00+00:00, run_after=2024-06-26 00:00:00+00:00
[2024-06-26T13:24:55.739+0000] {processor.py:183} INFO - Processing /home/airflow/.local/lib/python3.10/site-packages/airflow/example_dags/example_task_group.py took 35.301 seconds
