[2024-06-26T12:57:36.123+0000] {processor.py:161} INFO - Started process (PID=1613) to work on /home/airflow/.local/lib/python3.10/site-packages/airflow/example_dags/tutorial_objectstorage.py
[2024-06-26T12:57:36.175+0000] {processor.py:830} INFO - Processing file /home/airflow/.local/lib/python3.10/site-packages/airflow/example_dags/tutorial_objectstorage.py for tasks to queue
[2024-06-26T12:57:36.187+0000] {logging_mixin.py:188} INFO - [2024-06-26T12:57:36.183+0000] {dagbag.py:545} INFO - Filling up the DagBag from /home/airflow/.local/lib/python3.10/site-packages/airflow/example_dags/tutorial_objectstorage.py
[2024-06-26T12:57:36.536+0000] {processor.py:840} INFO - DAG(s) 'tutorial_objectstorage' retrieved from /home/airflow/.local/lib/python3.10/site-packages/airflow/example_dags/tutorial_objectstorage.py
[2024-06-26T12:57:37.677+0000] {logging_mixin.py:188} INFO - [2024-06-26T12:57:37.642+0000] {dag.py:3096} INFO - Sync 1 DAGs
[2024-06-26T12:57:38.253+0000] {logging_mixin.py:188} INFO - [2024-06-26T12:57:38.226+0000] {dag.py:3954} INFO - Setting next_dagrun for tutorial_objectstorage to None, run_after=None
[2024-06-26T12:57:39.768+0000] {processor.py:183} INFO - Processing /home/airflow/.local/lib/python3.10/site-packages/airflow/example_dags/tutorial_objectstorage.py took 4.441 seconds
[2024-06-26T13:03:08.594+0000] {processor.py:161} INFO - Started process (PID=1750) to work on /home/airflow/.local/lib/python3.10/site-packages/airflow/example_dags/tutorial_objectstorage.py
[2024-06-26T13:03:08.658+0000] {processor.py:830} INFO - Processing file /home/airflow/.local/lib/python3.10/site-packages/airflow/example_dags/tutorial_objectstorage.py for tasks to queue
[2024-06-26T13:03:08.694+0000] {logging_mixin.py:188} INFO - [2024-06-26T13:03:08.681+0000] {dagbag.py:545} INFO - Filling up the DagBag from /home/airflow/.local/lib/python3.10/site-packages/airflow/example_dags/tutorial_objectstorage.py
[2024-06-26T13:03:10.985+0000] {processor.py:840} INFO - DAG(s) 'tutorial_objectstorage' retrieved from /home/airflow/.local/lib/python3.10/site-packages/airflow/example_dags/tutorial_objectstorage.py
[2024-06-26T13:03:13.839+0000] {logging_mixin.py:188} INFO - [2024-06-26T13:03:13.701+0000] {dag.py:3096} INFO - Sync 1 DAGs
[2024-06-26T13:03:15.315+0000] {logging_mixin.py:188} INFO - [2024-06-26T13:03:15.185+0000] {dag.py:3954} INFO - Setting next_dagrun for tutorial_objectstorage to None, run_after=None
[2024-06-26T13:03:21.071+0000] {processor.py:183} INFO - Processing /home/airflow/.local/lib/python3.10/site-packages/airflow/example_dags/tutorial_objectstorage.py took 13.411 seconds
[2024-06-26T13:11:50.386+0000] {processor.py:161} INFO - Started process (PID=1909) to work on /home/airflow/.local/lib/python3.10/site-packages/airflow/example_dags/tutorial_objectstorage.py
[2024-06-26T13:11:50.396+0000] {processor.py:830} INFO - Processing file /home/airflow/.local/lib/python3.10/site-packages/airflow/example_dags/tutorial_objectstorage.py for tasks to queue
[2024-06-26T13:11:50.406+0000] {logging_mixin.py:188} INFO - [2024-06-26T13:11:50.402+0000] {dagbag.py:545} INFO - Filling up the DagBag from /home/airflow/.local/lib/python3.10/site-packages/airflow/example_dags/tutorial_objectstorage.py
[2024-06-26T13:11:50.956+0000] {processor.py:840} INFO - DAG(s) 'tutorial_objectstorage' retrieved from /home/airflow/.local/lib/python3.10/site-packages/airflow/example_dags/tutorial_objectstorage.py
[2024-06-26T13:11:52.751+0000] {logging_mixin.py:188} INFO - [2024-06-26T13:11:52.617+0000] {dag.py:3096} INFO - Sync 1 DAGs
[2024-06-26T13:11:54.327+0000] {logging_mixin.py:188} INFO - [2024-06-26T13:11:54.296+0000] {dag.py:3954} INFO - Setting next_dagrun for tutorial_objectstorage to None, run_after=None
[2024-06-26T13:11:55.129+0000] {processor.py:183} INFO - Processing /home/airflow/.local/lib/python3.10/site-packages/airflow/example_dags/tutorial_objectstorage.py took 5.190 seconds
[2024-06-26T13:16:30.416+0000] {processor.py:161} INFO - Started process (PID=2042) to work on /home/airflow/.local/lib/python3.10/site-packages/airflow/example_dags/tutorial_objectstorage.py
[2024-06-26T13:16:30.534+0000] {processor.py:830} INFO - Processing file /home/airflow/.local/lib/python3.10/site-packages/airflow/example_dags/tutorial_objectstorage.py for tasks to queue
[2024-06-26T13:16:30.620+0000] {logging_mixin.py:188} INFO - [2024-06-26T13:16:30.584+0000] {dagbag.py:545} INFO - Filling up the DagBag from /home/airflow/.local/lib/python3.10/site-packages/airflow/example_dags/tutorial_objectstorage.py
[2024-06-26T13:16:32.208+0000] {processor.py:840} INFO - DAG(s) 'tutorial_objectstorage' retrieved from /home/airflow/.local/lib/python3.10/site-packages/airflow/example_dags/tutorial_objectstorage.py
[2024-06-26T13:16:35.058+0000] {logging_mixin.py:188} INFO - [2024-06-26T13:16:35.022+0000] {dag.py:3096} INFO - Sync 1 DAGs
[2024-06-26T13:16:37.011+0000] {logging_mixin.py:188} INFO - [2024-06-26T13:16:36.909+0000] {dag.py:3954} INFO - Setting next_dagrun for tutorial_objectstorage to None, run_after=None
[2024-06-26T13:16:38.936+0000] {processor.py:183} INFO - Processing /home/airflow/.local/lib/python3.10/site-packages/airflow/example_dags/tutorial_objectstorage.py took 9.375 seconds
[2024-06-26T13:31:03.060+0000] {processor.py:161} INFO - Started process (PID=2251) to work on /home/airflow/.local/lib/python3.10/site-packages/airflow/example_dags/tutorial_objectstorage.py
[2024-06-26T13:31:03.243+0000] {processor.py:830} INFO - Processing file /home/airflow/.local/lib/python3.10/site-packages/airflow/example_dags/tutorial_objectstorage.py for tasks to queue
[2024-06-26T13:31:03.324+0000] {logging_mixin.py:188} INFO - [2024-06-26T13:31:03.291+0000] {dagbag.py:545} INFO - Filling up the DagBag from /home/airflow/.local/lib/python3.10/site-packages/airflow/example_dags/tutorial_objectstorage.py
[2024-06-26T13:31:04.050+0000] {processor.py:840} INFO - DAG(s) 'tutorial_objectstorage' retrieved from /home/airflow/.local/lib/python3.10/site-packages/airflow/example_dags/tutorial_objectstorage.py
[2024-06-26T13:31:05.756+0000] {logging_mixin.py:188} INFO - [2024-06-26T13:31:05.719+0000] {dag.py:3096} INFO - Sync 1 DAGs
[2024-06-26T13:31:06.266+0000] {logging_mixin.py:188} INFO - [2024-06-26T13:31:06.182+0000] {dag.py:3954} INFO - Setting next_dagrun for tutorial_objectstorage to None, run_after=None
[2024-06-26T13:31:06.894+0000] {processor.py:183} INFO - Processing /home/airflow/.local/lib/python3.10/site-packages/airflow/example_dags/tutorial_objectstorage.py took 5.375 seconds
